#
# There is insufficient memory for the Java Runtime Environment to continue.
# Native memory allocation (malloc) failed to allocate 580736 bytes for Chunk::new
# Possible reasons:
#   The system is out of physical RAM or swap space
#   In 32 bit mode, the process size limit was hit
# Possible solutions:
#   Reduce memory load on the system
#   Increase physical memory or swap space
#   Check if swap backing store is full
#   Use 64 bit Java on a 64 bit OS
#   Decrease Java heap size (-Xmx/-Xms)
#   Decrease number of Java threads
#   Decrease Java thread stack sizes (-Xss)
#   Set larger code cache with -XX:ReservedCodeCacheSize=
# This output file may be truncated or incomplete.
#
#  Out of Memory Error (allocation.cpp:390), pid=7248, tid=0x0000000000001970
#
# JRE version: Java(TM) SE Runtime Environment (8.0_92-b14) (build 1.8.0_92-b14)
# Java VM: Java HotSpot(TM) 64-Bit Server VM (25.92-b14 mixed mode windows-amd64 compressed oops)
# Failed to write core dump. Minidumps are not enabled by default on client versions of Windows
#

---------------  T H R E A D  ---------------

Current thread (0x00000000153fa800):  JavaThread "C2 CompilerThread0" daemon [_thread_in_native, id=6512, stack(0x0000000016a30000,0x0000000016b30000)]

Stack: [0x0000000016a30000,0x0000000016b30000]
[error occurred during error reporting (printing stack bounds), id 0xc0000005]

Native frames: (J=compiled Java code, j=interpreted, Vv=VM code, C=native code)


Current CompileTask:
C2:   6930 1279       4       com.android.dx.dex.code.OutputFinisher::addConstants (93 bytes)


---------------  P R O C E S S  ---------------

Java Threads: ( => current thread )
  0x0000000016c3c000 JavaThread "Service Thread" daemon [_thread_blocked, id=8012, stack(0x0000000017130000,0x0000000017230000)]
  0x0000000016c38800 JavaThread "C1 CompilerThread2" daemon [_thread_blocked, id=4728, stack(0x0000000017030000,0x0000000017130000)]
  0x0000000015451000 JavaThread "C2 CompilerThread1" daemon [_thread_in_native, id=6436, stack(0x0000000016b30000,0x0000000016c30000)]
=>0x00000000153fa800 JavaThread "C2 CompilerThread0" daemon [_thread_in_native, id=6512, stack(0x0000000016a30000,0x0000000016b30000)]
  0x00000000153f9000 JavaThread "Attach Listener" daemon [_thread_blocked, id=7680, stack(0x0000000016930000,0x0000000016a30000)]
  0x00000000153f8000 JavaThread "Signal Dispatcher" daemon [_thread_blocked, id=7740, stack(0x0000000016830000,0x0000000016930000)]
  0x0000000002d2a000 JavaThread "Finalizer" daemon [_thread_blocked, id=4084, stack(0x0000000016650000,0x0000000016750000)]
  0x0000000002d1f000 JavaThread "Reference Handler" daemon [_thread_blocked, id=5728, stack(0x0000000016550000,0x0000000016650000)]
  0x0000000002c30800 JavaThread "main" [_thread_in_vm, id=2820, stack(0x0000000002b30000,0x0000000002c30000)]

Other Threads:
  0x00000000153c8000 VMThread [stack: 0x0000000016450000,0x0000000016550000] [id=7564]
  0x0000000016c3f800 WatcherThread [stack: 0x0000000017230000,0x0000000017330000] [id=7648]

VM state:not at safepoint (normal execution)

VM Mutex/Monitor currently owned by a thread: None

Heap:
 PSYoungGen      total 35328K, used 8200K [0x00000000eab00000, 0x00000000ed000000, 0x0000000100000000)
  eden space 32768K, 17% used [0x00000000eab00000,0x00000000eb08a1b0,0x00000000ecb00000)
  from space 2560K, 98% used [0x00000000ecd80000,0x00000000ecff8048,0x00000000ed000000)
  to   space 2560K, 0% used [0x00000000ecb00000,0x00000000ecb00000,0x00000000ecd80000)
 ParOldGen       total 44032K, used 4318K [0x00000000c0000000, 0x00000000c2b00000, 0x00000000eab00000)
  object space 44032K, 9% used [0x00000000c0000000,0x00000000c0437b10,0x00000000c2b00000)
 Metaspace       used 6143K, capacity 7064K, committed 7424K, reserved 1056768K
  class space    used 613K, capacity 656K, committed 768K, reserved 1048576K

Card table byte_map: [0x00000000120f0000,0x0000000012300000] byte_map_base: 0x0000000011af0000

Marking Bits: (ParMarkBitMap*) 0x000000006f4e64f0
 Begin Bits: [0x0000000012860000, 0x0000000013860000)
 End Bits:   [0x0000000013860000, 0x0000000014860000)

Polling page: 0x0000000002aa0000

CodeCache: size=245760Kb used=5339Kb max_used=5339Kb free=240421Kb
 bounds [0x0000000002d30000, 0x0000000003270000, 0x0000000011d30000]
 total_blobs=1590 nmethods=1321 adapters=182
 compilation: enabled

Compilation events (10 events):
Event: 6.875 Thread 0x0000000016c38800 1324       3       com.android.dx.dex.file.MixedItemSection$1::compare (18 bytes)
Event: 6.875 Thread 0x0000000016c38800 nmethod 1324 0x0000000003269b50 code [0x0000000003269ce0, 0x000000000326a088]
Event: 6.875 Thread 0x0000000016c38800 1326       1       com.android.dx.dex.code.DalvInsn::getOpcode (5 bytes)
Event: 6.875 Thread 0x0000000016c38800 nmethod 1326 0x000000000326a210 code [0x000000000326a360, 0x000000000326a470]
Event: 6.875 Thread 0x0000000016c38800 1327       1       com.android.dx.dex.code.Dop::getFormat (5 bytes)
Event: 6.875 Thread 0x0000000016c38800 nmethod 1327 0x000000000326a4d0 code [0x000000000326a620, 0x000000000326a730]
Event: 6.875 Thread 0x0000000016c38800 1328       1       com.android.dx.dex.code.DalvInsn::getRegisters (5 bytes)
Event: 6.875 Thread 0x0000000016c38800 nmethod 1328 0x000000000326a790 code [0x000000000326a8e0, 0x000000000326a9f0]
Event: 6.875 Thread 0x0000000016c38800 1329       3       java.util.ArrayDeque::poll (5 bytes)
Event: 6.876 Thread 0x0000000016c38800 nmethod 1329 0x000000000326aa50 code [0x000000000326abc0, 0x000000000326ad68]

GC Heap History (4 events):
Event: 4.203 GC heap before
{Heap before GC invocations=1 (full 0):
 PSYoungGen      total 18944K, used 16384K [0x00000000eab00000, 0x00000000ec000000, 0x0000000100000000)
  eden space 16384K, 100% used [0x00000000eab00000,0x00000000ebb00000,0x00000000ebb00000)
  from space 2560K, 0% used [0x00000000ebd80000,0x00000000ebd80000,0x00000000ec000000)
  to   space 2560K, 0% used [0x00000000ebb00000,0x00000000ebb00000,0x00000000ebd80000)
 ParOldGen       total 44032K, used 0K [0x00000000c0000000, 0x00000000c2b00000, 0x00000000eab00000)
  object space 44032K, 0% used [0x00000000c0000000,0x00000000c0000000,0x00000000c2b00000)
 Metaspace       used 5830K, capacity 6768K, committed 7040K, reserved 1056768K
  class space    used 601K, capacity 616K, committed 640K, reserved 1048576K
Event: 4.311 GC heap after
Heap after GC invocations=1 (full 0):
 PSYoungGen      total 18944K, used 2551K [0x00000000eab00000, 0x00000000ed000000, 0x0000000100000000)
  eden space 16384K, 0% used [0x00000000eab00000,0x00000000eab00000,0x00000000ebb00000)
  from space 2560K, 99% used [0x00000000ebb00000,0x00000000ebd7dc98,0x00000000ebd80000)
  to   space 2560K, 0% used [0x00000000ecd80000,0x00000000ecd80000,0x00000000ed000000)
 ParOldGen       total 44032K, used 2174K [0x00000000c0000000, 0x00000000c2b00000, 0x00000000eab00000)
  object space 44032K, 4% used [0x00000000c0000000,0x00000000c021fbd8,0x00000000c2b00000)
 Metaspace       used 5830K, capacity 6768K, committed 7040K, reserved 1056768K
  class space    used 601K, capacity 616K, committed 640K, reserved 1048576K
}
Event: 6.155 GC heap before
{Heap before GC invocations=2 (full 0):
 PSYoungGen      total 18944K, used 18935K [0x00000000eab00000, 0x00000000ed000000, 0x0000000100000000)
  eden space 16384K, 100% used [0x00000000eab00000,0x00000000ebb00000,0x00000000ebb00000)
  from space 2560K, 99% used [0x00000000ebb00000,0x00000000ebd7dc98,0x00000000ebd80000)
  to   space 2560K, 0% used [0x00000000ecd80000,0x00000000ecd80000,0x00000000ed000000)
 ParOldGen       total 44032K, used 2174K [0x00000000c0000000, 0x00000000c2b00000, 0x00000000eab00000)
  object space 44032K, 4% used [0x00000000c0000000,0x00000000c021fbd8,0x00000000c2b00000)
 Metaspace       used 6012K, capacity 6964K, committed 7040K, reserved 1056768K
  class space    used 605K, capacity 620K, committed 640K, reserved 1048576K
Event: 6.643 GC heap after
Heap after GC invocations=2 (full 0):
 PSYoungGen      total 35328K, used 2528K [0x00000000eab00000, 0x00000000ed000000, 0x0000000100000000)
  eden space 32768K, 0% used [0x00000000eab00000,0x00000000eab00000,0x00000000ecb00000)
  from space 2560K, 98% used [0x00000000ecd80000,0x00000000ecff8048,0x00000000ed000000)
  to   space 2560K, 0% used [0x00000000ecb00000,0x00000000ecb00000,0x00000000ecd80000)
 ParOldGen       total 44032K, used 4318K [0x00000000c0000000, 0x00000000c2b00000, 0x00000000eab00000)
  object space 44032K, 9% used [0x00000000c0000000,0x00000000c0437b10,0x00000000c2b00000)
 Metaspace       used 6012K, capacity 6964K, committed 7040K, reserved 1056768K
  class space    used 605K, capacity 620K, committed 640K, reserved 1048576K
}

Deoptimization events (10 events):
Event: 6.785 Thread 0x0000000016e7b800 Uncommon trap: reason=bimorphic action=maybe_recompile pc=0x0000000003148ee0 method=com.android.dx.cf.code.BytecodeArray.parseInstruction(ILcom/android/dx/cf/code/BytecodeArray$Visitor;)I @ 1051
Event: 6.785 Thread 0x0000000016e7b800 Uncommon trap: reason=bimorphic action=maybe_recompile pc=0x0000000003148e60 method=com.android.dx.cf.code.BytecodeArray.parseInstruction(ILcom/android/dx/cf/code/BytecodeArray$Visitor;)I @ 1035
Event: 6.802 Thread 0x0000000002c30800 Uncommon trap: reason=class_check action=maybe_recompile pc=0x0000000003205b08 method=java.util.Arrays.hashCode([Ljava/lang/Object;)I @ 43
Event: 6.802 Thread 0x0000000002c30800 Uncommon trap: reason=class_check action=maybe_recompile pc=0x0000000003205b08 method=java.util.Arrays.hashCode([Ljava/lang/Object;)I @ 43
Event: 6.803 Thread 0x0000000002c30800 Uncommon trap: reason=class_check action=maybe_recompile pc=0x0000000003205b08 method=java.util.Arrays.hashCode([Ljava/lang/Object;)I @ 43
Event: 6.803 Thread 0x0000000002c30800 Uncommon trap: reason=class_check action=maybe_recompile pc=0x0000000003205b08 method=java.util.Arrays.hashCode([Ljava/lang/Object;)I @ 43
Event: 6.803 Thread 0x0000000002c30800 Uncommon trap: reason=class_check action=maybe_recompile pc=0x00000000032060e8 method=java.util.Arrays.hashCode([Ljava/lang/Object;)I @ 43
Event: 6.833 Thread 0x0000000002c30800 Uncommon trap: reason=unstable_if action=reinterpret pc=0x0000000003191420 method=java.util.HashMap.putVal(ILjava/lang/Object;Ljava/lang/Object;ZZ)Ljava/lang/Object; @ 94
Event: 6.864 Thread 0x0000000002c30800 Uncommon trap: reason=bimorphic action=maybe_recompile pc=0x0000000002fb7c88 method=java.util.HashMap.getNode(ILjava/lang/Object;)Ljava/util/HashMap$Node; @ 126
Event: 6.865 Thread 0x0000000002c30800 Uncommon trap: reason=bimorphic action=maybe_recompile pc=0x0000000002fb7c88 method=java.util.HashMap.getNode(ILjava/lang/Object;)Ljava/util/HashMap$Node; @ 126

Internal exceptions (2 events):
Event: 0.271 Thread 0x0000000002c30800 Exception <a 'java/lang/NoSuchMethodError': Method sun.misc.Unsafe.defineClass(Ljava/lang/String;[BII)Ljava/lang/Class; name or signature does not match> (0x00000000eab07cc0) thrown at [D:\re\workspace\8-2-build-windows-amd64-cygwin\jdk8u92\6642\hotspot\srys¤çÂ^Ñ?
Event: 0.271 Thread 0x0000000002c30800 Exception <a 'java/lang/NoSuchMethodError': Method sun.misc.Unsafe.prefetchRead(Ljava/lang/Object;J)V name or signature does not match> (0x00000000eab07fa8) thrown at [D:\re\workspace\8-2-build-windows-amd64-cygwin\jdk8u92\6642\hotspot\src\share\vm\prims\j

Events (10 events):
Event: 6.869 loading class com/android/dex/Leb128
Event: 6.869 loading class com/android/dex/Leb128 done
Event: 6.873 loading class java/util/Collections$1
Event: 6.873 loading class java/util/Collections$1 done
Event: 6.873 loading class com/android/dx/dex/file/MixedItemSection$2
Event: 6.873 loading class com/android/dx/dex/file/MixedItemSection$2 done
Event: 6.874 loading class com/android/dx/dex/file/CodeItem$1
Event: 6.874 loading class com/android/dx/dex/file/CodeItem$1 done
Event: 6.875 loading class com/android/dx/dex/code/DalvInsnList
Event: 6.875 loading class com/android/dx/dex/code/DalvInsnList done


Dynamic libraries:
0x00007ff6457e0000 - 0x00007ff645817000 	C:\Program Files\Java\jdk1.8.0_92\bin\java.exe
0x00007ffb0c910000 - 0x00007ffb0cad2000 	C:\Windows\SYSTEM32\ntdll.dll
0x00007ffb0c860000 - 0x00007ffb0c90d000 	C:\Windows\system32\KERNEL32.DLL
0x00007ffb09df0000 - 0x00007ffb09fcd000 	C:\Windows\system32\KERNELBASE.dll
0x00007ffb0c230000 - 0x00007ffb0c2d6000 	C:\Windows\system32\ADVAPI32.dll
0x00007ffb0c3d0000 - 0x00007ffb0c46d000 	C:\Windows\system32\msvcrt.dll
0x00007ffb0a1c0000 - 0x00007ffb0a21b000 	C:\Windows\system32\sechost.dll
0x00007ffb0a220000 - 0x00007ffb0a346000 	C:\Windows\system32\RPCRT4.dll
0x00007ffb0c470000 - 0x00007ffb0c5be000 	C:\Windows\system32\USER32.dll
0x00007ffb0c6d0000 - 0x00007ffb0c855000 	C:\Windows\system32\GDI32.dll
0x00007ffafdfd0000 - 0x00007ffafe244000 	C:\Windows\WinSxS\amd64_microsoft.windows.common-controls_6595b64144ccf1df_6.0.10240.17113_none_f41e180257520c58\COMCTL32.dll
0x00007ffb09fd0000 - 0x00007ffb0a006000 	C:\Windows\system32\IMM32.DLL
0x00007ffb0c0d0000 - 0x00007ffb0c22c000 	C:\Windows\system32\MSCTF.dll
0x000000006f570000 - 0x000000006f642000 	C:\Program Files\Java\jdk1.8.0_92\jre\bin\msvcr100.dll
0x000000006ecd0000 - 0x000000006f566000 	C:\Program Files\Java\jdk1.8.0_92\jre\bin\server\jvm.dll
0x00007ffb0bb00000 - 0x00007ffb0bb08000 	C:\Windows\system32\PSAPI.DLL
0x00007ffaf5a10000 - 0x00007ffaf5a19000 	C:\Windows\SYSTEM32\WSOCK32.dll
0x00007ffb0a020000 - 0x00007ffb0a089000 	C:\Windows\system32\WS2_32.dll
0x00007ffb0a010000 - 0x00007ffb0a018000 	C:\Windows\system32\NSI.dll
0x00007ffb06730000 - 0x00007ffb06753000 	C:\Windows\SYSTEM32\WINMM.dll
0x00007ffb06000000 - 0x00007ffb0600a000 	C:\Windows\SYSTEM32\VERSION.dll
0x00007ffb066f0000 - 0x00007ffb0671c000 	C:\Windows\SYSTEM32\WINMMBASE.dll
0x00007ffb09480000 - 0x00007ffb094c4000 	C:\Windows\system32\cfgmgr32.dll
0x00007ffb07ca0000 - 0x00007ffb07cc7000 	C:\Windows\SYSTEM32\DEVOBJ.dll
0x000000006ecc0000 - 0x000000006eccf000 	C:\Program Files\Java\jdk1.8.0_92\jre\bin\verify.dll
0x000000006ec90000 - 0x000000006ecb9000 	C:\Program Files\Java\jdk1.8.0_92\jre\bin\java.dll
0x000000006ec70000 - 0x000000006ec86000 	C:\Program Files\Java\jdk1.8.0_92\jre\bin\zip.dll
0x00007ffb0a5d0000 - 0x00007ffb0baf3000 	C:\Windows\system32\SHELL32.dll
0x00007ffb097c0000 - 0x00007ffb09de9000 	C:\Windows\system32\windows.storage.dll
0x00007ffb0a350000 - 0x00007ffb0a5cc000 	C:\Windows\system32\combase.dll
0x00007ffb0c5c0000 - 0x00007ffb0c611000 	C:\Windows\system32\shlwapi.dll
0x00007ffb093c0000 - 0x00007ffb093cf000 	C:\Windows\system32\kernel.appcore.dll
0x00007ffb09700000 - 0x00007ffb097b3000 	C:\Windows\system32\shcore.dll
0x00007ffb09330000 - 0x00007ffb0937a000 	C:\Windows\system32\powrprof.dll
0x00007ffb093a0000 - 0x00007ffb093b3000 	C:\Windows\system32\profapi.dll

VM Arguments:
jvm_args: -Djava.awt.headless=true -Xmx1024M -Dfile.encoding=windows-1252 -Duser.country=US -Duser.language=en -Duser.variant 
java_command: com.android.dx.command.Main --dex --force-jumbo --num-threads=4 --output F:\shekhar\Android App\last time\ListTest\app\build\intermediates\pre-dexed\debug\com.android.support-support-vector-drawable-24.0.0_af2f42abb97ba1fe68fc4b8ff40984fd83826194.jar F:\shekhar\Android App\last time\ListTest\app\build\intermediates\exploded-aar\com.android.support\support-vector-drawable\24.0.0\jars\classes.jar
java_class_path (initial): C:\Users\Chari\AppData\Local\Android\sdk\build-tools\24.0.1\lib\dx.jar
Launcher Type: SUN_STANDARD

Environment Variables:
PATH=C:\ProgramData\Oracle\Java\javapath;C:\Windows\system32;C:\Windows;C:\Windows\System32\Wbem;C:\Windows\System32\WindowsPowerShell\v1.0\;C:\Program Files (x86)\ATI Technologies\ATI.ACE\Core-Static\;C:\Program Files\Java\jdk1.7.0_79\bin;C:\Program Files\Java\jdk1.7.0_79\bin;C:\Program Files (x86)\ATI Technologies\ATI.ACE\Core-Static;C:\Program Files\Java\jdk1.8.0_92\bin;C:\Program Files\Java\jre1.8.0_92\bin;C:\apache-ant-1.9.3\bin;C:\Program Files\Git\cmd
USERNAME=Chari
OS=Windows_NT
PROCESSOR_IDENTIFIER=Intel64 Family 6 Model 58 Stepping 9, GenuineIntel



---------------  S Y S T E M  ---------------

OS: Windows 10.0 , 64 bit Build 10240 (10.0.10240.17113)

CPU:total 4 (2 cores per cpu, 2 threads per core) family 6 model 58 stepping 9, cmov, cx8, fxsr, mmx, sse, sse2, sse3, ssse3, sse4.1, sse4.2, popcnt, avx, clmul, erms, ht, tsc, tscinvbit, tscinv

Memory: 4k page, physical 4158588k(419556k free), swap 6970896k(5176k free)

vm_info: Java HotSpot(TM) 64-Bit Server VM (25.92-b14) for windows-amd64 JRE (1.8.0_92-b14), built on Mar 31 2016 21:03:04 by "java_re" with MS VC++ 10.0 (VS2010)

time: Mon Sep 26 03:09:01 2016
elapsed time: 6 seconds (0d 0h 0m 6s)

