#
# There is insufficient memory for the Java Runtime Environment to continue.
# Native memory allocation (malloc) failed to allocate 446736 bytes for Chunk::new
# Possible reasons:
#   The system is out of physical RAM or swap space
#   In 32 bit mode, the process size limit was hit
# Possible solutions:
#   Reduce memory load on the system
#   Increase physical memory or swap space
#   Check if swap backing store is full
#   Use 64 bit Java on a 64 bit OS
#   Decrease Java heap size (-Xmx/-Xms)
#   Decrease number of Java threads
#   Decrease Java thread stack sizes (-Xss)
#   Set larger code cache with -XX:ReservedCodeCacheSize=
# This output file may be truncated or incomplete.
#
#  Out of Memory Error (allocation.cpp:390), pid=5680, tid=0x0000000000001ec0
#
# JRE version: Java(TM) SE Runtime Environment (8.0_92-b14) (build 1.8.0_92-b14)
# Java VM: Java HotSpot(TM) 64-Bit Server VM (25.92-b14 mixed mode windows-amd64 compressed oops)
# Failed to write core dump. Minidumps are not enabled by default on client versions of Windows
#

---------------  T H R E A D  ---------------

Current thread (0x000000001515a800):  JavaThread "C2 CompilerThread0" daemon [_thread_in_native, id=7872, stack(0x00000000167b0000,0x00000000168b0000)]

Stack: [0x00000000167b0000,0x00000000168b0000]
[error occurred during error reporting (printing stack bounds), id 0xc0000005]

Native frames: (J=compiled Java code, j=interpreted, Vv=VM code, C=native code)


Current CompileTask:
C2:   3079 1311   !   4       com.android.dx.cf.code.RopperMachine::run (1550 bytes)


---------------  P R O C E S S  ---------------

Java Threads: ( => current thread )
  0x0000000016cfd800 JavaThread "pool-1-thread-4" [_thread_in_Java, id=7104, stack(0x00000000174b0000,0x00000000175b0000)]
  0x0000000016cfc800 JavaThread "pool-1-thread-3" [_thread_blocked, id=7724, stack(0x00000000173b0000,0x00000000174b0000)]
  0x0000000016c02800 JavaThread "pool-1-thread-2" [_thread_blocked, id=2508, stack(0x00000000172b0000,0x00000000173b0000)]
  0x0000000016c00000 JavaThread "pool-2-thread-1" [_thread_blocked, id=7296, stack(0x00000000171b0000,0x00000000172b0000)]
  0x0000000016bfd800 JavaThread "pool-1-thread-1" [_thread_blocked, id=2512, stack(0x00000000170b0000,0x00000000171b0000)]
  0x0000000016ab5000 JavaThread "Service Thread" daemon [_thread_blocked, id=6828, stack(0x0000000016eb0000,0x0000000016fb0000)]
  0x00000000151be000 JavaThread "C1 CompilerThread2" daemon [_thread_blocked, id=1976, stack(0x00000000169b0000,0x0000000016ab0000)]
  0x00000000151b9000 JavaThread "C2 CompilerThread1" daemon [_thread_in_native, id=3740, stack(0x00000000168b0000,0x00000000169b0000)]
=>0x000000001515a800 JavaThread "C2 CompilerThread0" daemon [_thread_in_native, id=7872, stack(0x00000000167b0000,0x00000000168b0000)]
  0x0000000015159000 JavaThread "Attach Listener" daemon [_thread_blocked, id=7460, stack(0x00000000166b0000,0x00000000167b0000)]
  0x0000000015158000 JavaThread "Signal Dispatcher" daemon [_thread_blocked, id=1192, stack(0x00000000165b0000,0x00000000166b0000)]
  0x000000001514a000 JavaThread "Finalizer" daemon [_thread_blocked, id=8016, stack(0x00000000163d0000,0x00000000164d0000)]
  0x0000000015128800 JavaThread "Reference Handler" daemon [_thread_blocked, id=7672, stack(0x00000000162d0000,0x00000000163d0000)]
  0x0000000002990800 JavaThread "main" [_thread_in_vm, id=5404, stack(0x0000000002850000,0x0000000002950000)]

Other Threads:
  0x0000000015127000 VMThread [stack: 0x00000000161d0000,0x00000000162d0000] [id=6396]
  0x0000000016ac1000 WatcherThread [stack: 0x0000000016fb0000,0x00000000170b0000] [id=3348]

VM state:not at safepoint (normal execution)

VM Mutex/Monitor currently owned by a thread: None

Heap:
 PSYoungGen      total 35328K, used 11210K [0x00000000eab00000, 0x00000000ed000000, 0x0000000100000000)
  eden space 32768K, 26% used [0x00000000eab00000,0x00000000eb3749a8,0x00000000ecb00000)
  from space 2560K, 99% used [0x00000000ecd80000,0x00000000ecffe128,0x00000000ed000000)
  to   space 2560K, 0% used [0x00000000ecb00000,0x00000000ecb00000,0x00000000ecd80000)
 ParOldGen       total 44032K, used 5467K [0x00000000c0000000, 0x00000000c2b00000, 0x00000000eab00000)
  object space 44032K, 12% used [0x00000000c0000000,0x00000000c0556f28,0x00000000c2b00000)
 Metaspace       used 5862K, capacity 6960K, committed 7040K, reserved 1056768K
  class space    used 586K, capacity 616K, committed 640K, reserved 1048576K

Card table byte_map: [0x0000000011e50000,0x0000000012060000] byte_map_base: 0x0000000011850000

Marking Bits: (ParMarkBitMap*) 0x000000006f4e64f0
 Begin Bits: [0x00000000125c0000, 0x00000000135c0000)
 End Bits:   [0x00000000135c0000, 0x00000000145c0000)

Polling page: 0x0000000001040000

CodeCache: size=245760Kb used=5565Kb max_used=5578Kb free=240194Kb
 bounds [0x0000000002a90000, 0x0000000003010000, 0x0000000011a90000]
 total_blobs=1592 nmethods=1330 adapters=175
 compilation: enabled

Compilation events (10 events):
Event: 3.057 Thread 0x00000000151be000 nmethod 1329 0x0000000002fd7d10 code [0x0000000002fd7e60, 0x0000000002fd7f70]
Event: 3.058 Thread 0x00000000151be000 1330       3       com.android.dx.cf.direct.DirectClassFile::parseToEndIfNecessary (12 bytes)
Event: 3.058 Thread 0x00000000151be000 nmethod 1330 0x0000000002ff2050 code [0x0000000002ff21c0, 0x0000000002ff2388]
Event: 3.058 Thread 0x00000000151be000 1331       3       com.android.dx.ssa.SsaConverter::edgeSplitSuccessors (98 bytes)
Event: 3.059 Thread 0x00000000151be000 nmethod 1331 0x0000000002ff0610 code [0x0000000002ff0880, 0x0000000002ff16a8]
Event: 3.060 Thread 0x00000000151be000 1332       3       com.android.dx.ssa.SsaMethod::makeExitBlock (134 bytes)
Event: 3.061 Thread 0x00000000151be000 nmethod 1332 0x0000000002feea50 code [0x0000000002feece0, 0x0000000002fefce8]
Event: 3.062 Thread 0x00000000151be000 1333       3       com.android.dx.ssa.SsaMethod::getCountReachableBlocks (44 bytes)
Event: 3.062 Thread 0x00000000151be000 nmethod 1333 0x0000000002ffe990 code [0x0000000002ffeb60, 0x0000000002fff418]
Event: 3.063 Thread 0x00000000151be000 1334       3       com.android.dx.ssa.back.SsaToRop::convertBasicBlocks (151 bytes)

GC Heap History (4 events):
Event: 1.552 GC heap before
{Heap before GC invocations=1 (full 0):
 PSYoungGen      total 18944K, used 16380K [0x00000000eab00000, 0x00000000ec000000, 0x0000000100000000)
  eden space 16384K, 99% used [0x00000000eab00000,0x00000000ebaff060,0x00000000ebb00000)
  from space 2560K, 0% used [0x00000000ebd80000,0x00000000ebd80000,0x00000000ec000000)
  to   space 2560K, 0% used [0x00000000ebb00000,0x00000000ebb00000,0x00000000ebd80000)
 ParOldGen       total 44032K, used 0K [0x00000000c0000000, 0x00000000c2b00000, 0x00000000eab00000)
  object space 44032K, 0% used [0x00000000c0000000,0x00000000c0000000,0x00000000c2b00000)
 Metaspace       used 5612K, capacity 6768K, committed 7040K, reserved 1056768K
  class space    used 576K, capacity 616K, committed 640K, reserved 1048576K
Event: 1.690 GC heap after
Heap after GC invocations=1 (full 0):
 PSYoungGen      total 18944K, used 2534K [0x00000000eab00000, 0x00000000ed000000, 0x0000000100000000)
  eden space 16384K, 0% used [0x00000000eab00000,0x00000000eab00000,0x00000000ebb00000)
  from space 2560K, 99% used [0x00000000ebb00000,0x00000000ebd79b40,0x00000000ebd80000)
  to   space 2560K, 0% used [0x00000000ecd80000,0x00000000ecd80000,0x00000000ed000000)
 ParOldGen       total 44032K, used 1665K [0x00000000c0000000, 0x00000000c2b00000, 0x00000000eab00000)
  object space 44032K, 3% used [0x00000000c0000000,0x00000000c01a0690,0x00000000c2b00000)
 Metaspace       used 5612K, capacity 6768K, committed 7040K, reserved 1056768K
  class space    used 576K, capacity 616K, committed 640K, reserved 1048576K
}
Event: 2.563 GC heap before
{Heap before GC invocations=2 (full 0):
 PSYoungGen      total 18944K, used 18918K [0x00000000eab00000, 0x00000000ed000000, 0x0000000100000000)
  eden space 16384K, 100% used [0x00000000eab00000,0x00000000ebb00000,0x00000000ebb00000)
  from space 2560K, 99% used [0x00000000ebb00000,0x00000000ebd79b40,0x00000000ebd80000)
  to   space 2560K, 0% used [0x00000000ecd80000,0x00000000ecd80000,0x00000000ed000000)
 ParOldGen       total 44032K, used 1665K [0x00000000c0000000, 0x00000000c2b00000, 0x00000000eab00000)
  object space 44032K, 3% used [0x00000000c0000000,0x00000000c01a0690,0x00000000c2b00000)
 Metaspace       used 5788K, capacity 6896K, committed 7040K, reserved 1056768K
  class space    used 584K, capacity 616K, committed 640K, reserved 1048576K
Event: 2.588 GC heap after
Heap after GC invocations=2 (full 0):
 PSYoungGen      total 35328K, used 2552K [0x00000000eab00000, 0x00000000ed000000, 0x0000000100000000)
  eden space 32768K, 0% used [0x00000000eab00000,0x00000000eab00000,0x00000000ecb00000)
  from space 2560K, 99% used [0x00000000ecd80000,0x00000000ecffe128,0x00000000ed000000)
  to   space 2560K, 0% used [0x00000000ecb00000,0x00000000ecb00000,0x00000000ecd80000)
 ParOldGen       total 44032K, used 5467K [0x00000000c0000000, 0x00000000c2b00000, 0x00000000eab00000)
  object space 44032K, 12% used [0x00000000c0000000,0x00000000c0556f28,0x00000000c2b00000)
 Metaspace       used 5788K, capacity 6896K, committed 7040K, reserved 1056768K
  class space    used 584K, capacity 616K, committed 640K, reserved 1048576K
}

Deoptimization events (10 events):
Event: 2.851 Thread 0x0000000016cfd800 Uncommon trap: reason=class_check action=maybe_recompile pc=0x0000000002f651d8 method=com.android.dx.cf.code.BaseMachine.getLocalTarget(Z)Lcom/android/dx/rop/code/RegisterSpec; @ 70
Event: 2.851 Thread 0x0000000016cfd800 Uncommon trap: reason=class_check action=maybe_recompile pc=0x0000000002f3f884 method=com.android.dx.cf.code.BaseMachine.getLocalTarget(Z)Lcom/android/dx/rop/code/RegisterSpec; @ 70
Event: 2.851 Thread 0x0000000016cfd800 Uncommon trap: reason=class_check action=maybe_recompile pc=0x0000000002d86520 method=com.android.dx.rop.type.Type.equals(Ljava/lang/Object;)Z @ 8
Event: 2.851 Thread 0x0000000016cfd800 Uncommon trap: reason=null_check action=make_not_entrant pc=0x0000000002d86530 method=com.android.dx.rop.type.Type.equals(Ljava/lang/Object;)Z @ 8
Event: 2.851 Thread 0x0000000016cfd800 Uncommon trap: reason=class_check action=maybe_recompile pc=0x0000000002f651d8 method=com.android.dx.cf.code.BaseMachine.getLocalTarget(Z)Lcom/android/dx/rop/code/RegisterSpec; @ 70
Event: 2.851 Thread 0x0000000016cfd800 Uncommon trap: reason=class_check action=maybe_recompile pc=0x0000000002f3f884 method=com.android.dx.cf.code.BaseMachine.getLocalTarget(Z)Lcom/android/dx/rop/code/RegisterSpec; @ 70
Event: 2.851 Thread 0x0000000016cfd800 Uncommon trap: reason=unstable_if action=reinterpret pc=0x0000000002e91678 method=com.android.dx.cf.code.Ropper.labelToResultIndex(I)I @ 34
Event: 2.860 Thread 0x0000000016cfd800 Uncommon trap: reason=unstable_if action=reinterpret pc=0x0000000002f3b7fc method=com.android.dx.util.LabeledList.set(ILcom/android/dx/util/LabeledItem;)V @ 16
Event: 2.860 Thread 0x0000000016cfd800 Uncommon trap: reason=unstable_if action=reinterpret pc=0x0000000002f038c4 method=com.android.dx.util.LabeledList.set(ILcom/android/dx/util/LabeledItem;)V @ 16
Event: 2.860 Thread 0x0000000016cfd800 Uncommon trap: reason=unstable_if action=reinterpret pc=0x0000000002dcd6cc method=com.android.dx.rop.code.RegisterSpec.equals(ILcom/android/dx/rop/type/TypeBearer;Lcom/android/dx/rop/code/LocalItem;)Z @ 16

Internal exceptions (3 events):
Event: 0.042 Thread 0x0000000002990800 Exception <a 'java/lang/NoSuchMethodError': Method sun.misc.Unsafe.defineClass(Ljava/lang/String;[BII)Ljava/lang/Class; name or signature does not match> (0x00000000eab07cc0) thrown at [D:\re\workspace\8-2-build-windows-amd64-cygwin\jdk8u92\6642\hotspot\sr¦3^¥?
Event: 0.042 Thread 0x0000000002990800 Exception <a 'java/lang/NoSuchMethodError': Method sun.misc.Unsafe.prefetchRead(Ljava/lang/Object;J)V name or signature does not match> (0x00000000eab07fa8) thrown at [D:\re\workspace\8-2-build-windows-amd64-cygwin\jdk8u92\6642\hotspot\src\share\vm\prims\jò	ºrÎ@
Event: 2.851 Thread 0x0000000016cfd800 Implicit null exception at 0x0000000002d86422 to 0x0000000002d86521

Events (10 events):
Event: 2.860 Thread 0x0000000016cfd800 Uncommon trap: trap_request=0xffffff65 fr.pc=0x0000000002f038c4
Event: 2.860 Thread 0x0000000016cfd800 DEOPT PACKING pc=0x0000000002f038c4 sp=0x00000000175aec90
Event: 2.860 Thread 0x0000000016cfd800 DEOPT UNPACKING pc=0x0000000002ad582a sp=0x00000000175aec90 mode 2
Event: 2.860 Thread 0x0000000016cfd800 Uncommon trap: trap_request=0xffffff65 fr.pc=0x0000000002dcd6cc
Event: 2.860 Thread 0x0000000016cfd800 DEOPT PACKING pc=0x0000000002dcd6cc sp=0x00000000175aed80
Event: 2.860 Thread 0x0000000016cfd800 DEOPT UNPACKING pc=0x0000000002ad582a sp=0x00000000175aebd8 mode 2
Event: 3.032 Thread 0x0000000016bfd800 DEOPT PACKING pc=0x0000000002e69beb sp=0x00000000171ae6f0
Event: 3.032 Thread 0x0000000016bfd800 DEOPT UNPACKING pc=0x0000000002ad787f sp=0x00000000171ae4b8 mode 0
Event: 3.035 Thread 0x0000000016bfd800 DEOPT PACKING pc=0x0000000002e63ee5 sp=0x00000000171ae7f0
Event: 3.035 Thread 0x0000000016bfd800 DEOPT UNPACKING pc=0x0000000002ad787f sp=0x00000000171ae5e0 mode 0


Dynamic libraries:
0x00007ff6457e0000 - 0x00007ff645817000 	C:\Program Files\Java\jdk1.8.0_92\bin\java.exe
0x00007ffb0c910000 - 0x00007ffb0cad2000 	C:\Windows\SYSTEM32\ntdll.dll
0x00007ffb0c860000 - 0x00007ffb0c90d000 	C:\Windows\system32\KERNEL32.DLL
0x00007ffb09df0000 - 0x00007ffb09fcd000 	C:\Windows\system32\KERNELBASE.dll
0x00007ffb0c230000 - 0x00007ffb0c2d6000 	C:\Windows\system32\ADVAPI32.dll
0x00007ffb0c3d0000 - 0x00007ffb0c46d000 	C:\Windows\system32\msvcrt.dll
0x00007ffb0a1c0000 - 0x00007ffb0a21b000 	C:\Windows\system32\sechost.dll
0x00007ffb0a220000 - 0x00007ffb0a346000 	C:\Windows\system32\RPCRT4.dll
0x00007ffb0c470000 - 0x00007ffb0c5be000 	C:\Windows\system32\USER32.dll
0x00007ffb0c6d0000 - 0x00007ffb0c855000 	C:\Windows\system32\GDI32.dll
0x00007ffafdfd0000 - 0x00007ffafe244000 	C:\Windows\WinSxS\amd64_microsoft.windows.common-controls_6595b64144ccf1df_6.0.10240.17113_none_f41e180257520c58\COMCTL32.dll
0x00007ffb09fd0000 - 0x00007ffb0a006000 	C:\Windows\system32\IMM32.DLL
0x00007ffb0c0d0000 - 0x00007ffb0c22c000 	C:\Windows\system32\MSCTF.dll
0x000000006f570000 - 0x000000006f642000 	C:\Program Files\Java\jdk1.8.0_92\jre\bin\msvcr100.dll
0x000000006ecd0000 - 0x000000006f566000 	C:\Program Files\Java\jdk1.8.0_92\jre\bin\server\jvm.dll
0x00007ffb0bb00000 - 0x00007ffb0bb08000 	C:\Windows\system32\PSAPI.DLL
0x00007ffaf5a10000 - 0x00007ffaf5a19000 	C:\Windows\SYSTEM32\WSOCK32.dll
0x00007ffb0a020000 - 0x00007ffb0a089000 	C:\Windows\system32\WS2_32.dll
0x00007ffb0a010000 - 0x00007ffb0a018000 	C:\Windows\system32\NSI.dll
0x00007ffb06730000 - 0x00007ffb06753000 	C:\Windows\SYSTEM32\WINMM.dll
0x00007ffb06000000 - 0x00007ffb0600a000 	C:\Windows\SYSTEM32\VERSION.dll
0x00007ffb066f0000 - 0x00007ffb0671c000 	C:\Windows\SYSTEM32\WINMMBASE.dll
0x00007ffb09480000 - 0x00007ffb094c4000 	C:\Windows\system32\cfgmgr32.dll
0x00007ffb07ca0000 - 0x00007ffb07cc7000 	C:\Windows\SYSTEM32\DEVOBJ.dll
0x000000006ecc0000 - 0x000000006eccf000 	C:\Program Files\Java\jdk1.8.0_92\jre\bin\verify.dll
0x000000006ec90000 - 0x000000006ecb9000 	C:\Program Files\Java\jdk1.8.0_92\jre\bin\java.dll
0x000000006ec70000 - 0x000000006ec86000 	C:\Program Files\Java\jdk1.8.0_92\jre\bin\zip.dll
0x00007ffb0a5d0000 - 0x00007ffb0baf3000 	C:\Windows\system32\SHELL32.dll
0x00007ffb097c0000 - 0x00007ffb09de9000 	C:\Windows\system32\windows.storage.dll
0x00007ffb0a350000 - 0x00007ffb0a5cc000 	C:\Windows\system32\combase.dll
0x00007ffb0c5c0000 - 0x00007ffb0c611000 	C:\Windows\system32\shlwapi.dll
0x00007ffb093c0000 - 0x00007ffb093cf000 	C:\Windows\system32\kernel.appcore.dll
0x00007ffb09700000 - 0x00007ffb097b3000 	C:\Windows\system32\shcore.dll
0x00007ffb09330000 - 0x00007ffb0937a000 	C:\Windows\system32\powrprof.dll
0x00007ffb093a0000 - 0x00007ffb093b3000 	C:\Windows\system32\profapi.dll

VM Arguments:
jvm_args: -Djava.awt.headless=true -Xmx1024M -Dfile.encoding=windows-1252 -Duser.country=US -Duser.language=en -Duser.variant 
java_command: com.android.dx.command.Main --dex --force-jumbo --num-threads=4 --output F:\shekhar\Android App\last time\ListTest\app\build\intermediates\pre-dexed\debug\main_028eab5ebd8159206763229df1f6f8355fe32f15.jar F:\shekhar\Android App\last time\ListTest\app\build\intermediates\transforms\instantRun\debug\folders\1\5\main
java_class_path (initial): C:\Users\Chari\AppData\Local\Android\sdk\build-tools\24.0.1\lib\dx.jar
Launcher Type: SUN_STANDARD

Environment Variables:
PATH=C:\ProgramData\Oracle\Java\javapath;C:\Windows\system32;C:\Windows;C:\Windows\System32\Wbem;C:\Windows\System32\WindowsPowerShell\v1.0\;C:\Program Files (x86)\ATI Technologies\ATI.ACE\Core-Static\;C:\Program Files\Java\jdk1.7.0_79\bin;C:\Program Files\Java\jdk1.7.0_79\bin;C:\Program Files (x86)\ATI Technologies\ATI.ACE\Core-Static;C:\Program Files\Java\jdk1.8.0_92\bin;C:\Program Files\Java\jre1.8.0_92\bin;C:\apache-ant-1.9.3\bin;C:\Program Files\Git\cmd
USERNAME=Chari
OS=Windows_NT
PROCESSOR_IDENTIFIER=Intel64 Family 6 Model 58 Stepping 9, GenuineIntel



---------------  S Y S T E M  ---------------

OS: Windows 10.0 , 64 bit Build 10240 (10.0.10240.17113)

CPU:total 4 (2 cores per cpu, 2 threads per core) family 6 model 58 stepping 9, cmov, cx8, fxsr, mmx, sse, sse2, sse3, ssse3, sse4.1, sse4.2, popcnt, avx, clmul, erms, ht, tsc, tscinvbit, tscinv

Memory: 4k page, physical 4158588k(254840k free), swap 6970896k(5136k free)

vm_info: Java HotSpot(TM) 64-Bit Server VM (25.92-b14) for windows-amd64 JRE (1.8.0_92-b14), built on Mar 31 2016 21:03:04 by "java_re" with MS VC++ 10.0 (VS2010)

time: Mon Sep 26 03:08:52 2016
elapsed time: 3 seconds (0d 0h 0m 3s)

