#
# There is insufficient memory for the Java Runtime Environment to continue.
# Native memory allocation (malloc) failed to allocate 129712 bytes for Chunk::new
# Possible reasons:
#   The system is out of physical RAM or swap space
#   In 32 bit mode, the process size limit was hit
# Possible solutions:
#   Reduce memory load on the system
#   Increase physical memory or swap space
#   Check if swap backing store is full
#   Use 64 bit Java on a 64 bit OS
#   Decrease Java heap size (-Xmx/-Xms)
#   Decrease number of Java threads
#   Decrease Java thread stack sizes (-Xss)
#   Set larger code cache with -XX:ReservedCodeCacheSize=
# This output file may be truncated or incomplete.
#
#  Out of Memory Error (allocation.cpp:390), pid=2396, tid=0x0000000000000ad4
#
# JRE version: Java(TM) SE Runtime Environment (8.0_92-b14) (build 1.8.0_92-b14)
# Java VM: Java HotSpot(TM) 64-Bit Server VM (25.92-b14 mixed mode windows-amd64 compressed oops)
# Failed to write core dump. Minidumps are not enabled by default on client versions of Windows
#

---------------  T H R E A D  ---------------

Current thread (0x000000001489a800):  JavaThread "C2 CompilerThread0" daemon [_thread_in_native, id=2772, stack(0x0000000015e00000,0x0000000015f00000)]

Stack: [0x0000000015e00000,0x0000000015f00000]
[error occurred during error reporting (printing stack bounds), id 0xc0000005]

Native frames: (J=compiled Java code, j=interpreted, Vv=VM code, C=native code)


Current CompileTask:
C2:   3262 1226       4       com.android.dx.ssa.DeadCodeRemover::isCircularNoSideEffect (140 bytes)


---------------  P R O C E S S  ---------------

Java Threads: ( => current thread )
  0x00000000162ad000 JavaThread "pool-1-thread-4" [_thread_in_Java, id=6728, stack(0x0000000016b00000,0x0000000016c00000)]
  0x00000000162a5000 JavaThread "pool-1-thread-2" [_thread_in_Java, id=7424, stack(0x0000000016900000,0x0000000016a00000)]
  0x00000000162a2000 JavaThread "pool-2-thread-1" [_thread_blocked, id=4112, stack(0x0000000016800000,0x0000000016900000)]
  0x00000000162a1800 JavaThread "pool-1-thread-1" [_thread_in_Java, id=1352, stack(0x0000000016700000,0x0000000016800000)]
  0x000000001610d000 JavaThread "Service Thread" daemon [_thread_blocked, id=7488, stack(0x0000000016500000,0x0000000016600000)]
  0x00000000148fe000 JavaThread "C1 CompilerThread2" daemon [_thread_blocked, id=7924, stack(0x0000000016000000,0x0000000016100000)]
  0x00000000148f9000 JavaThread "C2 CompilerThread1" daemon [_thread_in_native, id=6424, stack(0x0000000015f00000,0x0000000016000000)]
=>0x000000001489a800 JavaThread "C2 CompilerThread0" daemon [_thread_in_native, id=2772, stack(0x0000000015e00000,0x0000000015f00000)]
  0x0000000014899000 JavaThread "Attach Listener" daemon [_thread_blocked, id=8132, stack(0x0000000015d00000,0x0000000015e00000)]
  0x0000000014898000 JavaThread "Signal Dispatcher" daemon [_thread_blocked, id=6808, stack(0x0000000015c00000,0x0000000015d00000)]
  0x00000000021c4800 JavaThread "Finalizer" daemon [_thread_blocked, id=7320, stack(0x0000000015b00000,0x0000000015c00000)]
  0x00000000021bf000 JavaThread "Reference Handler" daemon [_thread_blocked, id=7124, stack(0x0000000015a00000,0x0000000015b00000)]
  0x00000000020d0800 JavaThread "main" [_thread_blocked, id=2924, stack(0x0000000001d80000,0x0000000001e80000)]

Other Threads:
  0x0000000014868000 VMThread [stack: 0x0000000015900000,0x0000000015a00000] [id=8112]
  0x0000000016106000 WatcherThread [stack: 0x0000000016600000,0x0000000016700000] [id=7908]

VM state:not at safepoint (normal execution)

VM Mutex/Monitor currently owned by a thread: None

Heap:
 PSYoungGen      total 35328K, used 18707K [0x00000000eab00000, 0x00000000ed000000, 0x0000000100000000)
  eden space 32768K, 49% used [0x00000000eab00000,0x00000000ebac8510,0x00000000ecb00000)
  from space 2560K, 99% used [0x00000000ecd80000,0x00000000ecffc858,0x00000000ed000000)
  to   space 2560K, 0% used [0x00000000ecb00000,0x00000000ecb00000,0x00000000ecd80000)
 ParOldGen       total 44032K, used 4630K [0x00000000c0000000, 0x00000000c2b00000, 0x00000000eab00000)
  object space 44032K, 10% used [0x00000000c0000000,0x00000000c0485880,0x00000000c2b00000)
 Metaspace       used 6002K, capacity 6900K, committed 7040K, reserved 1056768K
  class space    used 602K, capacity 620K, committed 640K, reserved 1048576K

Card table byte_map: [0x0000000011590000,0x00000000117a0000] byte_map_base: 0x0000000010f90000

Marking Bits: (ParMarkBitMap*) 0x000000006f4e64f0
 Begin Bits: [0x0000000011d00000, 0x0000000012d00000)
 End Bits:   [0x0000000012d00000, 0x0000000013d00000)

Polling page: 0x00000000005c0000

CodeCache: size=245760Kb used=4979Kb max_used=4979Kb free=240780Kb
 bounds [0x00000000021d0000, 0x00000000026c0000, 0x00000000111d0000]
 total_blobs=1509 nmethods=1240 adapters=182
 compilation: enabled

Compilation events (10 events):
Event: 3.253 Thread 0x00000000148fe000 1250       2       com.android.dx.ssa.NormalSsaInsn::isMoveException (20 bytes)
Event: 3.253 Thread 0x00000000148fe000 nmethod 1250 0x000000000269da10 code [0x000000000269db60, 0x000000000269dcd0]
Event: 3.253 Thread 0x00000000148fe000 1251       2       com.android.dx.ssa.DomFront::run (264 bytes)
Event: 3.255 Thread 0x00000000148fe000 nmethod 1251 0x00000000026ac9d0 code [0x00000000026acd60, 0x00000000026ae348]
Event: 3.255 Thread 0x00000000148fe000 1253       2       com.android.dx.rop.code.RegisterSpec::make (21 bytes)
Event: 3.256 Thread 0x00000000148fe000 nmethod 1253 0x00000000026af6d0 code [0x00000000026af840, 0x00000000026afa38]
Event: 3.256 Thread 0x00000000148fe000 1252       2       com.android.dx.rop.cst.CstKnownNull::equals (5 bytes)
Event: 3.256 Thread 0x00000000148fe000 nmethod 1252 0x00000000026afb50 code [0x00000000026afca0, 0x00000000026afe30]
Event: 3.256 Thread 0x00000000148fe000 1254       2       com.android.dx.ssa.SCCP::replaceConstants (209 bytes)
Event: 3.257 Thread 0x00000000148fe000 nmethod 1254 0x00000000026afed0 code [0x00000000026b0140, 0x00000000026b0978]

GC Heap History (4 events):
Event: 1.605 GC heap before
{Heap before GC invocations=1 (full 0):
 PSYoungGen      total 18944K, used 16384K [0x00000000eab00000, 0x00000000ec000000, 0x0000000100000000)
  eden space 16384K, 100% used [0x00000000eab00000,0x00000000ebb00000,0x00000000ebb00000)
  from space 2560K, 0% used [0x00000000ebd80000,0x00000000ebd80000,0x00000000ec000000)
  to   space 2560K, 0% used [0x00000000ebb00000,0x00000000ebb00000,0x00000000ebd80000)
 ParOldGen       total 44032K, used 0K [0x00000000c0000000, 0x00000000c2b00000, 0x00000000eab00000)
  object space 44032K, 0% used [0x00000000c0000000,0x00000000c0000000,0x00000000c2b00000)
 Metaspace       used 5743K, capacity 6706K, committed 6784K, reserved 1056768K
  class space    used 598K, capacity 618K, committed 640K, reserved 1048576K
Event: 1.690 GC heap after
Heap after GC invocations=1 (full 0):
 PSYoungGen      total 18944K, used 2540K [0x00000000eab00000, 0x00000000ed000000, 0x0000000100000000)
  eden space 16384K, 0% used [0x00000000eab00000,0x00000000eab00000,0x00000000ebb00000)
  from space 2560K, 99% used [0x00000000ebb00000,0x00000000ebd7b2e8,0x00000000ebd80000)
  to   space 2560K, 0% used [0x00000000ecd80000,0x00000000ecd80000,0x00000000ed000000)
 ParOldGen       total 44032K, used 1757K [0x00000000c0000000, 0x00000000c2b00000, 0x00000000eab00000)
  object space 44032K, 3% used [0x00000000c0000000,0x00000000c01b7670,0x00000000c2b00000)
 Metaspace       used 5743K, capacity 6706K, committed 6784K, reserved 1056768K
  class space    used 598K, capacity 618K, committed 640K, reserved 1048576K
}
Event: 2.561 GC heap before
{Heap before GC invocations=2 (full 0):
 PSYoungGen      total 18944K, used 18924K [0x00000000eab00000, 0x00000000ed000000, 0x0000000100000000)
  eden space 16384K, 100% used [0x00000000eab00000,0x00000000ebb00000,0x00000000ebb00000)
  from space 2560K, 99% used [0x00000000ebb00000,0x00000000ebd7b2e8,0x00000000ebd80000)
  to   space 2560K, 0% used [0x00000000ecd80000,0x00000000ecd80000,0x00000000ed000000)
 ParOldGen       total 44032K, used 1757K [0x00000000c0000000, 0x00000000c2b00000, 0x00000000eab00000)
  object space 44032K, 3% used [0x00000000c0000000,0x00000000c01b7670,0x00000000c2b00000)
 Metaspace       used 5944K, capacity 6898K, committed 7040K, reserved 1056768K
  class space    used 599K, capacity 618K, committed 640K, reserved 1048576K
Event: 3.158 GC heap after
Heap after GC invocations=2 (full 0):
 PSYoungGen      total 35328K, used 2546K [0x00000000eab00000, 0x00000000ed000000, 0x0000000100000000)
  eden space 32768K, 0% used [0x00000000eab00000,0x00000000eab00000,0x00000000ecb00000)
  from space 2560K, 99% used [0x00000000ecd80000,0x00000000ecffc858,0x00000000ed000000)
  to   space 2560K, 0% used [0x00000000ecb00000,0x00000000ecb00000,0x00000000ecd80000)
 ParOldGen       total 44032K, used 4630K [0x00000000c0000000, 0x00000000c2b00000, 0x00000000eab00000)
  object space 44032K, 10% used [0x00000000c0000000,0x00000000c0485880,0x00000000c2b00000)
 Metaspace       used 5944K, capacity 6898K, committed 7040K, reserved 1056768K
  class space    used 599K, capacity 618K, committed 640K, reserved 1048576K
}

Deoptimization events (10 events):
Event: 1.866 Thread 0x00000000020d0800 Uncommon trap: reason=null_check action=make_not_entrant pc=0x00000000024f1398 method=com.android.dx.ssa.SsaRenamer.getLocalForNewReg(I)Lcom/android/dx/rop/code/LocalItem; @ 19
Event: 2.320 Thread 0x00000000162a1800 Uncommon trap: reason=unstable_if action=reinterpret pc=0x00000000025276e4 method=com.android.dx.ssa.SsaRenamer$BlockRenamer.addMapping(ILcom/android/dx/rop/code/RegisterSpec;)V @ 120
Event: 2.322 Thread 0x00000000162a1800 Uncommon trap: reason=class_check action=maybe_recompile pc=0x00000000025e5f60 method=com.android.dx.ssa.SCCP.setLatticeValueTo(IILcom/android/dx/rop/cst/Constant;)Z @ 43
Event: 2.322 Thread 0x00000000162a1800 Uncommon trap: reason=class_check action=maybe_recompile pc=0x00000000025e5f60 method=com.android.dx.ssa.SCCP.setLatticeValueTo(IILcom/android/dx/rop/cst/Constant;)Z @ 43
Event: 2.322 Thread 0x00000000162a1800 Uncommon trap: reason=bimorphic action=maybe_recompile pc=0x000000000249c684 method=java.util.HashMap.getNode(ILjava/lang/Object;)Ljava/util/HashMap$Node; @ 126
Event: 2.322 Thread 0x00000000162a1800 Uncommon trap: reason=class_check action=maybe_recompile pc=0x000000000252c644 method=java.util.HashMap.putVal(ILjava/lang/Object;Ljava/lang/Object;ZZ)Ljava/lang/Object; @ 203
Event: 2.329 Thread 0x00000000162a1800 Uncommon trap: reason=class_check action=maybe_recompile pc=0x00000000025e5f60 method=com.android.dx.ssa.SCCP.setLatticeValueTo(IILcom/android/dx/rop/cst/Constant;)Z @ 43
Event: 2.329 Thread 0x00000000162a1800 Uncommon trap: reason=class_check action=maybe_recompile pc=0x00000000025e5f60 method=com.android.dx.ssa.SCCP.setLatticeValueTo(IILcom/android/dx/rop/cst/Constant;)Z @ 43
Event: 2.364 Thread 0x00000000162a5000 Uncommon trap: reason=unstable_if action=reinterpret pc=0x000000000252611c method=com.android.dx.rop.cst.Constant.compareTo(Lcom/android/dx/rop/cst/Constant;)I @ 12
Event: 2.389 Thread 0x00000000162a6000 Uncommon trap: reason=unstable_if action=reinterpret pc=0x00000000024e779c method=com.android.dx.rop.code.RegisterSpec.equals(ILcom/android/dx/rop/type/TypeBearer;Lcom/android/dx/rop/code/LocalItem;)Z @ 42

Internal exceptions (3 events):
Event: 0.122 Thread 0x00000000020d0800 Exception <a 'java/lang/NoSuchMethodError': Method sun.misc.Unsafe.defineClass(Ljava/lang/String;[BII)Ljava/lang/Class; name or signature does not match> (0x00000000eab07cc0) thrown at [D:\re\workspace\8-2-build-windows-amd64-cygwin\jdk8u92\6642\hotspot\sr×±´ª/V¿?
Event: 0.122 Thread 0x00000000020d0800 Exception <a 'java/lang/NoSuchMethodError': Method sun.misc.Unsafe.prefetchRead(Ljava/lang/Object;J)V name or signature does not match> (0x00000000eab07fa8) thrown at [D:\re\workspace\8-2-build-windows-amd64-cygwin\jdk8u92\6642\hotspot\src\share\vm\prims\jRPÎnåÜý?
Event: 1.866 Thread 0x00000000020d0800 Implicit null exception at 0x00000000024ef747 to 0x00000000024f134d

Events (10 events):
Event: 3.202 Thread 0x00000000162a5000 DEOPT UNPACKING pc=0x000000000221787f sp=0x00000000169fe830 mode 0
Event: 3.227 Thread 0x00000000162a5000 DEOPT PACKING pc=0x00000000024f7ecf sp=0x00000000169feb10
Event: 3.227 Thread 0x00000000162a5000 DEOPT UNPACKING pc=0x000000000221787f sp=0x00000000169fe900 mode 0
Event: 3.242 Thread 0x00000000162ad000 DEOPT PACKING pc=0x00000000024f7ecf sp=0x0000000016bfe880
Event: 3.242 loading class java/util/HashMap$KeySet
Event: 3.242 loading class java/util/HashMap$KeySet done
Event: 3.242 loading class java/util/HashMap$KeyIterator
Event: 3.242 loading class java/util/HashMap$KeyIterator done
Event: 3.242 Thread 0x00000000162ad000 DEOPT UNPACKING pc=0x000000000221787f sp=0x0000000016bfe660 mode 0
Event: 3.243 Thread 0x00000000162a6000 Thread exited: 0x00000000162a6000


Dynamic libraries:
0x00007ff6457e0000 - 0x00007ff645817000 	C:\Program Files\Java\jdk1.8.0_92\bin\java.exe
0x00007ffb0c910000 - 0x00007ffb0cad2000 	C:\Windows\SYSTEM32\ntdll.dll
0x00007ffb0c860000 - 0x00007ffb0c90d000 	C:\Windows\system32\KERNEL32.DLL
0x00007ffb09df0000 - 0x00007ffb09fcd000 	C:\Windows\system32\KERNELBASE.dll
0x00007ffb0c230000 - 0x00007ffb0c2d6000 	C:\Windows\system32\ADVAPI32.dll
0x00007ffb0c3d0000 - 0x00007ffb0c46d000 	C:\Windows\system32\msvcrt.dll
0x00007ffb0a1c0000 - 0x00007ffb0a21b000 	C:\Windows\system32\sechost.dll
0x00007ffb0a220000 - 0x00007ffb0a346000 	C:\Windows\system32\RPCRT4.dll
0x00007ffb0c470000 - 0x00007ffb0c5be000 	C:\Windows\system32\USER32.dll
0x00007ffb0c6d0000 - 0x00007ffb0c855000 	C:\Windows\system32\GDI32.dll
0x00007ffafdfd0000 - 0x00007ffafe244000 	C:\Windows\WinSxS\amd64_microsoft.windows.common-controls_6595b64144ccf1df_6.0.10240.17113_none_f41e180257520c58\COMCTL32.dll
0x00007ffb09fd0000 - 0x00007ffb0a006000 	C:\Windows\system32\IMM32.DLL
0x00007ffb0c0d0000 - 0x00007ffb0c22c000 	C:\Windows\system32\MSCTF.dll
0x000000006f570000 - 0x000000006f642000 	C:\Program Files\Java\jdk1.8.0_92\jre\bin\msvcr100.dll
0x000000006ecd0000 - 0x000000006f566000 	C:\Program Files\Java\jdk1.8.0_92\jre\bin\server\jvm.dll
0x00007ffb0bb00000 - 0x00007ffb0bb08000 	C:\Windows\system32\PSAPI.DLL
0x00007ffaf5a10000 - 0x00007ffaf5a19000 	C:\Windows\SYSTEM32\WSOCK32.dll
0x00007ffb0a020000 - 0x00007ffb0a089000 	C:\Windows\system32\WS2_32.dll
0x00007ffb0a010000 - 0x00007ffb0a018000 	C:\Windows\system32\NSI.dll
0x00007ffb06730000 - 0x00007ffb06753000 	C:\Windows\SYSTEM32\WINMM.dll
0x00007ffb06000000 - 0x00007ffb0600a000 	C:\Windows\SYSTEM32\VERSION.dll
0x00007ffb066f0000 - 0x00007ffb0671c000 	C:\Windows\SYSTEM32\WINMMBASE.dll
0x00007ffb09480000 - 0x00007ffb094c4000 	C:\Windows\system32\cfgmgr32.dll
0x00007ffb07ca0000 - 0x00007ffb07cc7000 	C:\Windows\SYSTEM32\DEVOBJ.dll
0x000000006ecc0000 - 0x000000006eccf000 	C:\Program Files\Java\jdk1.8.0_92\jre\bin\verify.dll
0x000000006ec90000 - 0x000000006ecb9000 	C:\Program Files\Java\jdk1.8.0_92\jre\bin\java.dll
0x000000006ec70000 - 0x000000006ec86000 	C:\Program Files\Java\jdk1.8.0_92\jre\bin\zip.dll
0x00007ffb0a5d0000 - 0x00007ffb0baf3000 	C:\Windows\system32\SHELL32.dll
0x00007ffb097c0000 - 0x00007ffb09de9000 	C:\Windows\system32\windows.storage.dll
0x00007ffb0a350000 - 0x00007ffb0a5cc000 	C:\Windows\system32\combase.dll
0x00007ffb0c5c0000 - 0x00007ffb0c611000 	C:\Windows\system32\shlwapi.dll
0x00007ffb093c0000 - 0x00007ffb093cf000 	C:\Windows\system32\kernel.appcore.dll
0x00007ffb09700000 - 0x00007ffb097b3000 	C:\Windows\system32\shcore.dll
0x00007ffb09330000 - 0x00007ffb0937a000 	C:\Windows\system32\powrprof.dll
0x00007ffb093a0000 - 0x00007ffb093b3000 	C:\Windows\system32\profapi.dll

VM Arguments:
jvm_args: -Djava.awt.headless=true -Xmx1024M -Dfile.encoding=windows-1252 -Duser.country=US -Duser.language=en -Duser.variant 
java_command: com.android.dx.command.Main --dex --force-jumbo --num-threads=4 --output F:\shekhar\Android App\last time\ListTest\app\build\intermediates\pre-dexed\debug\instant-run_f0582060623ef9d0d1ed49e051031284404b2a91.jar F:\shekhar\Android App\last time\ListTest\app\build\intermediates\incremental-runtime-classes\debug\instant-run.jar
java_class_path (initial): C:\Users\Chari\AppData\Local\Android\sdk\build-tools\24.0.1\lib\dx.jar
Launcher Type: SUN_STANDARD

Environment Variables:
PATH=C:\ProgramData\Oracle\Java\javapath;C:\Windows\system32;C:\Windows;C:\Windows\System32\Wbem;C:\Windows\System32\WindowsPowerShell\v1.0\;C:\Program Files (x86)\ATI Technologies\ATI.ACE\Core-Static\;C:\Program Files\Java\jdk1.7.0_79\bin;C:\Program Files\Java\jdk1.7.0_79\bin;C:\Program Files (x86)\ATI Technologies\ATI.ACE\Core-Static;C:\Program Files\Java\jdk1.8.0_92\bin;C:\Program Files\Java\jre1.8.0_92\bin;C:\apache-ant-1.9.3\bin;C:\Program Files\Git\cmd
USERNAME=Chari
OS=Windows_NT
PROCESSOR_IDENTIFIER=Intel64 Family 6 Model 58 Stepping 9, GenuineIntel



---------------  S Y S T E M  ---------------

OS: Windows 10.0 , 64 bit Build 10240 (10.0.10240.17113)

CPU:total 4 (2 cores per cpu, 2 threads per core) family 6 model 58 stepping 9, cmov, cx8, fxsr, mmx, sse, sse2, sse3, ssse3, sse4.1, sse4.2, popcnt, avx, clmul, erms, ht, tsc, tscinvbit, tscinv

Memory: 4k page, physical 4158588k(271728k free), swap 6970896k(4588k free)

vm_info: Java HotSpot(TM) 64-Bit Server VM (25.92-b14) for windows-amd64 JRE (1.8.0_92-b14), built on Mar 31 2016 21:03:04 by "java_re" with MS VC++ 10.0 (VS2010)

time: Mon Sep 26 03:08:52 2016
elapsed time: 3 seconds (0d 0h 0m 3s)

