#
# There is insufficient memory for the Java Runtime Environment to continue.
# Native memory allocation (malloc) failed to allocate 409776 bytes for Chunk::new
# Possible reasons:
#   The system is out of physical RAM or swap space
#   In 32 bit mode, the process size limit was hit
# Possible solutions:
#   Reduce memory load on the system
#   Increase physical memory or swap space
#   Check if swap backing store is full
#   Use 64 bit Java on a 64 bit OS
#   Decrease Java heap size (-Xmx/-Xms)
#   Decrease number of Java threads
#   Decrease Java thread stack sizes (-Xss)
#   Set larger code cache with -XX:ReservedCodeCacheSize=
# This output file may be truncated or incomplete.
#
#  Out of Memory Error (allocation.cpp:390), pid=5848, tid=0x0000000000001098
#
# JRE version: Java(TM) SE Runtime Environment (8.0_92-b14) (build 1.8.0_92-b14)
# Java VM: Java HotSpot(TM) 64-Bit Server VM (25.92-b14 mixed mode windows-amd64 compressed oops)
# Failed to write core dump. Minidumps are not enabled by default on client versions of Windows
#

---------------  T H R E A D  ---------------

Current thread (0x000000001498a800):  JavaThread "C2 CompilerThread0" daemon [_thread_in_native, id=4248, stack(0x0000000015fd0000,0x00000000160d0000)]

Stack: [0x0000000015fd0000,0x00000000160d0000]
[error occurred during error reporting (printing stack bounds), id 0xc0000005]

Native frames: (J=compiled Java code, j=interpreted, Vv=VM code, C=native code)


Current CompileTask:
C2:   3077 1215   !   4       com.android.dx.cf.cst.ConstantPoolParser::parse0 (731 bytes)


---------------  P R O C E S S  ---------------

Java Threads: ( => current thread )
  0x000000001659f000 JavaThread "pool-1-thread-4" [_thread_blocked, id=7808, stack(0x00000000174d0000,0x00000000175d0000)]
  0x000000001660c000 JavaThread "pool-1-thread-3" [_thread_in_Java, id=6588, stack(0x00000000173d0000,0x00000000174d0000)]
  0x000000001660b800 JavaThread "pool-1-thread-2" [_thread_in_Java, id=176, stack(0x00000000172d0000,0x00000000173d0000)]
  0x0000000016608800 JavaThread "pool-2-thread-1" [_thread_blocked, id=7484, stack(0x00000000171d0000,0x00000000172d0000)]
  0x0000000016608000 JavaThread "pool-1-thread-1" [_thread_in_Java, id=7756, stack(0x00000000170d0000,0x00000000171d0000)]
  0x00000000162dd800 JavaThread "Service Thread" daemon [_thread_blocked, id=7844, stack(0x00000000166d0000,0x00000000167d0000)]
  0x00000000149ed800 JavaThread "C1 CompilerThread2" daemon [_thread_blocked, id=6524, stack(0x00000000161d0000,0x00000000162d0000)]
  0x0000000014990000 JavaThread "C2 CompilerThread1" daemon [_thread_in_native, id=8076, stack(0x00000000160d0000,0x00000000161d0000)]
=>0x000000001498a800 JavaThread "C2 CompilerThread0" daemon [_thread_in_native, id=4248, stack(0x0000000015fd0000,0x00000000160d0000)]
  0x0000000014989800 JavaThread "Attach Listener" daemon [_thread_blocked, id=8104, stack(0x0000000015ed0000,0x0000000015fd0000)]
  0x0000000014988000 JavaThread "Signal Dispatcher" daemon [_thread_blocked, id=2228, stack(0x0000000015dd0000,0x0000000015ed0000)]
  0x00000000022b4800 JavaThread "Finalizer" daemon [_thread_blocked, id=3940, stack(0x0000000015bf0000,0x0000000015cf0000)]
  0x00000000022af000 JavaThread "Reference Handler" daemon [_thread_blocked, id=8096, stack(0x0000000015af0000,0x0000000015bf0000)]
  0x00000000021c0800 JavaThread "main" [_thread_in_Java, id=2664, stack(0x0000000001fc0000,0x00000000020c0000)]

Other Threads:
  0x0000000014958000 VMThread [stack: 0x00000000159f0000,0x0000000015af0000] [id=7452]
  0x00000000162d6000 WatcherThread [stack: 0x00000000167d0000,0x00000000168d0000] [id=6240]

VM state:not at safepoint (normal execution)

VM Mutex/Monitor currently owned by a thread: None

Heap:
 PSYoungGen      total 35328K, used 13260K [0x00000000eab00000, 0x00000000ed000000, 0x0000000100000000)
  eden space 32768K, 32% used [0x00000000eab00000,0x00000000eb578758,0x00000000ecb00000)
  from space 2560K, 99% used [0x00000000ecd80000,0x00000000ecffac28,0x00000000ed000000)
  to   space 2560K, 0% used [0x00000000ecb00000,0x00000000ecb00000,0x00000000ecd80000)
 ParOldGen       total 44032K, used 2931K [0x00000000c0000000, 0x00000000c2b00000, 0x00000000eab00000)
  object space 44032K, 6% used [0x00000000c0000000,0x00000000c02dcd80,0x00000000c2b00000)
 Metaspace       used 6075K, capacity 6962K, committed 7040K, reserved 1056768K
  class space    used 603K, capacity 618K, committed 640K, reserved 1048576K

Card table byte_map: [0x0000000011680000,0x0000000011890000] byte_map_base: 0x0000000011080000

Marking Bits: (ParMarkBitMap*) 0x000000006f4e64f0
 Begin Bits: [0x0000000011df0000, 0x0000000012df0000)
 End Bits:   [0x0000000012df0000, 0x0000000013df0000)

Polling page: 0x0000000001ec0000

CodeCache: size=245760Kb used=5239Kb max_used=5250Kb free=240520Kb
 bounds [0x00000000022c0000, 0x00000000027f0000, 0x00000000112c0000]
 total_blobs=1590 nmethods=1321 adapters=182
 compilation: enabled

Compilation events (10 events):
Event: 2.927 Thread 0x00000000149ed800 1320       3       com.android.dx.ssa.PhiInsn::predBlockIndexForSourcesIndex (15 bytes)
Event: 2.927 Thread 0x00000000149ed800 nmethod 1320 0x00000000027ae450 code [0x00000000027ae600, 0x00000000027aead8]
Event: 2.927 Thread 0x00000000149ed800 1326       3       com.android.dx.rop.cst.TypedConstant::getFrameType (2 bytes)
Event: 2.927 Thread 0x00000000149ed800 nmethod 1326 0x00000000027afbd0 code [0x00000000027afd20, 0x00000000027afe70]
Event: 2.927 Thread 0x00000000149ed800 1322       3       com.android.dx.dex.file.ClassDefItem::addVirtualMethod (9 bytes)
Event: 2.928 Thread 0x00000000149ed800 nmethod 1322 0x00000000027dba10 code [0x00000000027dbbc0, 0x00000000027dc278]
Event: 2.928 Thread 0x00000000149ed800 1323       3       com.android.dx.dex.file.ClassDataItem::addVirtualMethod (24 bytes)
Event: 2.928 Thread 0x00000000149ed800 nmethod 1323 0x00000000027dc650 code [0x00000000027dc820, 0x00000000027dceb8]
Event: 3.005 Thread 0x0000000014990000 nmethod 1310 0x00000000027e0090 code [0x00000000027e04e0, 0x00000000027e2598]
Event: 3.005 Thread 0x0000000014990000 1317       4       com.android.dx.ssa.SCCP::simulateStmt (481 bytes)

GC Heap History (4 events):
Event: 1.224 GC heap before
{Heap before GC invocations=1 (full 0):
 PSYoungGen      total 18944K, used 16384K [0x00000000eab00000, 0x00000000ec000000, 0x0000000100000000)
  eden space 16384K, 100% used [0x00000000eab00000,0x00000000ebb00000,0x00000000ebb00000)
  from space 2560K, 0% used [0x00000000ebd80000,0x00000000ebd80000,0x00000000ec000000)
  to   space 2560K, 0% used [0x00000000ebb00000,0x00000000ebb00000,0x00000000ebd80000)
 ParOldGen       total 44032K, used 0K [0x00000000c0000000, 0x00000000c2b00000, 0x00000000eab00000)
  object space 44032K, 0% used [0x00000000c0000000,0x00000000c0000000,0x00000000c2b00000)
 Metaspace       used 5556K, capacity 6512K, committed 6784K, reserved 1056768K
  class space    used 598K, capacity 616K, committed 640K, reserved 1048576K
Event: 1.442 GC heap after
Heap after GC invocations=1 (full 0):
 PSYoungGen      total 18944K, used 2533K [0x00000000eab00000, 0x00000000ed000000, 0x0000000100000000)
  eden space 16384K, 0% used [0x00000000eab00000,0x00000000eab00000,0x00000000ebb00000)
  from space 2560K, 98% used [0x00000000ebb00000,0x00000000ebd79650,0x00000000ebd80000)
  to   space 2560K, 0% used [0x00000000ecd80000,0x00000000ecd80000,0x00000000ed000000)
 ParOldGen       total 44032K, used 826K [0x00000000c0000000, 0x00000000c2b00000, 0x00000000eab00000)
  object space 44032K, 1% used [0x00000000c0000000,0x00000000c00ce868,0x00000000c2b00000)
 Metaspace       used 5556K, capacity 6512K, committed 6784K, reserved 1056768K
  class space    used 598K, capacity 616K, committed 640K, reserved 1048576K
}
Event: 2.579 GC heap before
{Heap before GC invocations=2 (full 0):
 PSYoungGen      total 18944K, used 18917K [0x00000000eab00000, 0x00000000ed000000, 0x0000000100000000)
  eden space 16384K, 100% used [0x00000000eab00000,0x00000000ebb00000,0x00000000ebb00000)
  from space 2560K, 98% used [0x00000000ebb00000,0x00000000ebd79650,0x00000000ebd80000)
  to   space 2560K, 0% used [0x00000000ecd80000,0x00000000ecd80000,0x00000000ed000000)
 ParOldGen       total 44032K, used 826K [0x00000000c0000000, 0x00000000c2b00000, 0x00000000eab00000)
  object space 44032K, 1% used [0x00000000c0000000,0x00000000c00ce868,0x00000000c2b00000)
 Metaspace       used 6011K, capacity 6898K, committed 7040K, reserved 1056768K
  class space    used 603K, capacity 618K, committed 640K, reserved 1048576K
Event: 2.586 GC heap after
Heap after GC invocations=2 (full 0):
 PSYoungGen      total 35328K, used 2539K [0x00000000eab00000, 0x00000000ed000000, 0x0000000100000000)
  eden space 32768K, 0% used [0x00000000eab00000,0x00000000eab00000,0x00000000ecb00000)
  from space 2560K, 99% used [0x00000000ecd80000,0x00000000ecffac28,0x00000000ed000000)
  to   space 2560K, 0% used [0x00000000ecb00000,0x00000000ecb00000,0x00000000ecd80000)
 ParOldGen       total 44032K, used 2931K [0x00000000c0000000, 0x00000000c2b00000, 0x00000000eab00000)
  object space 44032K, 6% used [0x00000000c0000000,0x00000000c02dcd80,0x00000000c2b00000)
 Metaspace       used 6011K, capacity 6898K, committed 7040K, reserved 1056768K
  class space    used 603K, capacity 618K, committed 640K, reserved 1048576K
}

Deoptimization events (6 events):
Event: 0.565 Thread 0x00000000021c0800 Uncommon trap: reason=unstable_if action=reinterpret pc=0x0000000002419314 method=java.lang.String.compareTo(Ljava/lang/String;)I @ 38
Event: 1.450 Thread 0x00000000021c0800 Uncommon trap: reason=unstable_if action=reinterpret pc=0x00000000025338b0 method=java.util.BitSet.nextSetBit(I)I @ 87
Event: 2.269 Thread 0x0000000016608000 Uncommon trap: reason=unstable_if action=reinterpret pc=0x00000000026276ec method=com.android.dx.rop.code.RegisterSpecSet.put(Lcom/android/dx/rop/code/RegisterSpec;)V @ 77
Event: 2.269 Thread 0x0000000016608000 Uncommon trap: reason=unstable_if action=reinterpret pc=0x000000000266ab60 method=com.android.dx.rop.code.RegisterSpecSet.put(Lcom/android/dx/rop/code/RegisterSpec;)V @ 77
Event: 2.911 Thread 0x000000001660c000 Uncommon trap: reason=unstable_if action=reinterpret pc=0x00000000027b2f84 method=com.android.dx.ssa.SCCP.simulateBranch(Lcom/android/dx/ssa/SsaInsn;)V @ 107
Event: 2.921 Thread 0x000000001659f000 Uncommon trap: reason=unstable_if action=reinterpret pc=0x0000000002583b60 method=com.android.dx.rop.code.RegisterSpec.equals(ILcom/android/dx/rop/type/TypeBearer;Lcom/android/dx/rop/code/LocalItem;)Z @ 42

Internal exceptions (2 events):
Event: 0.128 Thread 0x00000000021c0800 Exception <a 'java/lang/NoSuchMethodError': Method sun.misc.Unsafe.defineClass(Ljava/lang/String;[BII)Ljava/lang/Class; name or signature does not match> (0x00000000eab07cc0) thrown at [D:\re\workspace\8-2-build-windows-amd64-cygwin\jdk8u92\6642\hotspot\sr€6*7^c¿?
Event: 0.128 Thread 0x00000000021c0800 Exception <a 'java/lang/NoSuchMethodError': Method sun.misc.Unsafe.prefetchRead(Ljava/lang/Object;J)V name or signature does not match> (0x00000000eab07fa8) thrown at [D:\re\workspace\8-2-build-windows-amd64-cygwin\jdk8u92\6642\hotspot\src\share\vm\prims\j

Events (10 events):
Event: 2.472 loading class java/util/DualPivotQuicksort
Event: 2.472 loading class java/util/DualPivotQuicksort done
Event: 2.560 Executing VM operation: ParallelGCFailedAllocation
Event: 2.586 Executing VM operation: ParallelGCFailedAllocation done
Event: 2.911 Thread 0x000000001660c000 Uncommon trap: trap_request=0xffffff65 fr.pc=0x00000000027b2f84
Event: 2.911 Thread 0x000000001660c000 DEOPT PACKING pc=0x00000000027b2f84 sp=0x00000000174ce750
Event: 2.911 Thread 0x000000001660c000 DEOPT UNPACKING pc=0x000000000230582a sp=0x00000000174ce6f8 mode 2
Event: 2.921 Thread 0x000000001659f000 Uncommon trap: trap_request=0xffffff65 fr.pc=0x0000000002583b60
Event: 2.921 Thread 0x000000001659f000 DEOPT PACKING pc=0x0000000002583b60 sp=0x00000000175ce780
Event: 2.921 Thread 0x000000001659f000 DEOPT UNPACKING pc=0x000000000230582a sp=0x00000000175ce708 mode 2


Dynamic libraries:
0x00007ff6457e0000 - 0x00007ff645817000 	C:\Program Files\Java\jdk1.8.0_92\bin\java.exe
0x00007ffb0c910000 - 0x00007ffb0cad2000 	C:\Windows\SYSTEM32\ntdll.dll
0x00007ffb0c860000 - 0x00007ffb0c90d000 	C:\Windows\system32\KERNEL32.DLL
0x00007ffb09df0000 - 0x00007ffb09fcd000 	C:\Windows\system32\KERNELBASE.dll
0x00007ffb0c230000 - 0x00007ffb0c2d6000 	C:\Windows\system32\ADVAPI32.dll
0x00007ffb0c3d0000 - 0x00007ffb0c46d000 	C:\Windows\system32\msvcrt.dll
0x00007ffb0a1c0000 - 0x00007ffb0a21b000 	C:\Windows\system32\sechost.dll
0x00007ffb0a220000 - 0x00007ffb0a346000 	C:\Windows\system32\RPCRT4.dll
0x00007ffb0c470000 - 0x00007ffb0c5be000 	C:\Windows\system32\USER32.dll
0x00007ffb0c6d0000 - 0x00007ffb0c855000 	C:\Windows\system32\GDI32.dll
0x00007ffafdfd0000 - 0x00007ffafe244000 	C:\Windows\WinSxS\amd64_microsoft.windows.common-controls_6595b64144ccf1df_6.0.10240.17113_none_f41e180257520c58\COMCTL32.dll
0x00007ffb09fd0000 - 0x00007ffb0a006000 	C:\Windows\system32\IMM32.DLL
0x00007ffb0c0d0000 - 0x00007ffb0c22c000 	C:\Windows\system32\MSCTF.dll
0x000000006f570000 - 0x000000006f642000 	C:\Program Files\Java\jdk1.8.0_92\jre\bin\msvcr100.dll
0x000000006ecd0000 - 0x000000006f566000 	C:\Program Files\Java\jdk1.8.0_92\jre\bin\server\jvm.dll
0x00007ffb0bb00000 - 0x00007ffb0bb08000 	C:\Windows\system32\PSAPI.DLL
0x00007ffaf5a10000 - 0x00007ffaf5a19000 	C:\Windows\SYSTEM32\WSOCK32.dll
0x00007ffb0a020000 - 0x00007ffb0a089000 	C:\Windows\system32\WS2_32.dll
0x00007ffb0a010000 - 0x00007ffb0a018000 	C:\Windows\system32\NSI.dll
0x00007ffb06730000 - 0x00007ffb06753000 	C:\Windows\SYSTEM32\WINMM.dll
0x00007ffb06000000 - 0x00007ffb0600a000 	C:\Windows\SYSTEM32\VERSION.dll
0x00007ffb066f0000 - 0x00007ffb0671c000 	C:\Windows\SYSTEM32\WINMMBASE.dll
0x00007ffb09480000 - 0x00007ffb094c4000 	C:\Windows\system32\cfgmgr32.dll
0x00007ffb07ca0000 - 0x00007ffb07cc7000 	C:\Windows\SYSTEM32\DEVOBJ.dll
0x000000006ecc0000 - 0x000000006eccf000 	C:\Program Files\Java\jdk1.8.0_92\jre\bin\verify.dll
0x000000006ec90000 - 0x000000006ecb9000 	C:\Program Files\Java\jdk1.8.0_92\jre\bin\java.dll
0x000000006ec70000 - 0x000000006ec86000 	C:\Program Files\Java\jdk1.8.0_92\jre\bin\zip.dll
0x00007ffb0a5d0000 - 0x00007ffb0baf3000 	C:\Windows\system32\SHELL32.dll
0x00007ffb097c0000 - 0x00007ffb09de9000 	C:\Windows\system32\windows.storage.dll
0x00007ffb0a350000 - 0x00007ffb0a5cc000 	C:\Windows\system32\combase.dll
0x00007ffb0c5c0000 - 0x00007ffb0c611000 	C:\Windows\system32\shlwapi.dll
0x00007ffb093c0000 - 0x00007ffb093cf000 	C:\Windows\system32\kernel.appcore.dll
0x00007ffb09700000 - 0x00007ffb097b3000 	C:\Windows\system32\shcore.dll
0x00007ffb09330000 - 0x00007ffb0937a000 	C:\Windows\system32\powrprof.dll
0x00007ffb093a0000 - 0x00007ffb093b3000 	C:\Windows\system32\profapi.dll

VM Arguments:
jvm_args: -Djava.awt.headless=true -Xmx1024M -Dfile.encoding=windows-1252 -Duser.country=US -Duser.language=en -Duser.variant 
java_command: com.android.dx.command.Main --dex --force-jumbo --num-threads=4 --output F:\shekhar\Android App\last time\ListTest\app\build\intermediates\pre-dexed\debug\com.android.support-appcompat-v7-24.0.0_88fb26a1edaa343a17c9048691021cf39b411c89.jar F:\shekhar\Android App\last time\ListTest\app\build\intermediates\exploded-aar\com.android.support\appcompat-v7\24.0.0\jars\classes.jar
java_class_path (initial): C:\Users\Chari\AppData\Local\Android\sdk\build-tools\24.0.1\lib\dx.jar
Launcher Type: SUN_STANDARD

Environment Variables:
PATH=C:\ProgramData\Oracle\Java\javapath;C:\Windows\system32;C:\Windows;C:\Windows\System32\Wbem;C:\Windows\System32\WindowsPowerShell\v1.0\;C:\Program Files (x86)\ATI Technologies\ATI.ACE\Core-Static\;C:\Program Files\Java\jdk1.7.0_79\bin;C:\Program Files\Java\jdk1.7.0_79\bin;C:\Program Files (x86)\ATI Technologies\ATI.ACE\Core-Static;C:\Program Files\Java\jdk1.8.0_92\bin;C:\Program Files\Java\jre1.8.0_92\bin;C:\apache-ant-1.9.3\bin;C:\Program Files\Git\cmd
USERNAME=Chari
OS=Windows_NT
PROCESSOR_IDENTIFIER=Intel64 Family 6 Model 58 Stepping 9, GenuineIntel



---------------  S Y S T E M  ---------------

OS: Windows 10.0 , 64 bit Build 10240 (10.0.10240.17113)

CPU:total 4 (2 cores per cpu, 2 threads per core) family 6 model 58 stepping 9, cmov, cx8, fxsr, mmx, sse, sse2, sse3, ssse3, sse4.1, sse4.2, popcnt, avx, clmul, erms, ht, tsc, tscinvbit, tscinv

Memory: 4k page, physical 4158588k(254832k free), swap 6970896k(5136k free)

vm_info: Java HotSpot(TM) 64-Bit Server VM (25.92-b14) for windows-amd64 JRE (1.8.0_92-b14), built on Mar 31 2016 21:03:04 by "java_re" with MS VC++ 10.0 (VS2010)

time: Mon Sep 26 03:08:52 2016
elapsed time: 3 seconds (0d 0h 0m 3s)

