#
# There is insufficient memory for the Java Runtime Environment to continue.
# Native memory allocation (malloc) failed to allocate 245968 bytes for Chunk::new
# Possible reasons:
#   The system is out of physical RAM or swap space
#   In 32 bit mode, the process size limit was hit
# Possible solutions:
#   Reduce memory load on the system
#   Increase physical memory or swap space
#   Check if swap backing store is full
#   Use 64 bit Java on a 64 bit OS
#   Decrease Java heap size (-Xmx/-Xms)
#   Decrease number of Java threads
#   Decrease Java thread stack sizes (-Xss)
#   Set larger code cache with -XX:ReservedCodeCacheSize=
# This output file may be truncated or incomplete.
#
#  Out of Memory Error (allocation.cpp:390), pid=1684, tid=0x0000000000001d18
#
# JRE version: Java(TM) SE Runtime Environment (8.0_92-b14) (build 1.8.0_92-b14)
# Java VM: Java HotSpot(TM) 64-Bit Server VM (25.92-b14 mixed mode windows-amd64 compressed oops)
# Failed to write core dump. Minidumps are not enabled by default on client versions of Windows
#

---------------  T H R E A D  ---------------

Current thread (0x0000000014f70000):  JavaThread "C2 CompilerThread1" daemon [_thread_in_native, id=7448, stack(0x00000000166c0000,0x00000000167c0000)]

Stack: [0x00000000166c0000,0x00000000167c0000]
[error occurred during error reporting (printing stack bounds), id 0xc0000005]

Native frames: (J=compiled Java code, j=interpreted, Vv=VM code, C=native code)


Current CompileTask:
C2:   6919 1571 %     4       com.android.dx.ssa.SsaMethod::forEachBlockDepthFirst @ 129 (194 bytes)


---------------  P R O C E S S  ---------------

Java Threads: ( => current thread )
  0x0000000016a58000 JavaThread "pool-1-thread-4" [_thread_blocked, id=5372, stack(0x00000000172c0000,0x00000000173c0000)]
  0x0000000016a57000 JavaThread "pool-1-thread-3" [_thread_blocked, id=6208, stack(0x00000000171c0000,0x00000000172c0000)]
  0x0000000016a56800 JavaThread "pool-1-thread-2" [_thread_blocked, id=7524, stack(0x00000000170c0000,0x00000000171c0000)]
  0x0000000016a52800 JavaThread "pool-2-thread-1" [_thread_blocked, id=6412, stack(0x0000000016fc0000,0x00000000170c0000)]
  0x0000000016a50000 JavaThread "pool-1-thread-1" [_thread_blocked, id=1960, stack(0x0000000016ec0000,0x0000000016fc0000)]
  0x00000000167cd000 JavaThread "Service Thread" daemon [_thread_blocked, id=8028, stack(0x0000000016cc0000,0x0000000016dc0000)]
  0x00000000167c8800 JavaThread "C1 CompilerThread2" daemon [_thread_blocked, id=4828, stack(0x0000000016bc0000,0x0000000016cc0000)]
=>0x0000000014f70000 JavaThread "C2 CompilerThread1" daemon [_thread_in_native, id=7448, stack(0x00000000166c0000,0x00000000167c0000)]
  0x0000000014f6a800 JavaThread "C2 CompilerThread0" daemon [_thread_in_native, id=7736, stack(0x00000000165c0000,0x00000000166c0000)]
  0x0000000014f69000 JavaThread "Attach Listener" daemon [_thread_blocked, id=212, stack(0x00000000164c0000,0x00000000165c0000)]
  0x0000000014f68000 JavaThread "Signal Dispatcher" daemon [_thread_blocked, id=6944, stack(0x00000000163c0000,0x00000000164c0000)]
  0x0000000014f5a800 JavaThread "Finalizer" daemon [_thread_blocked, id=7600, stack(0x00000000161e0000,0x00000000162e0000)]
  0x000000000288f000 JavaThread "Reference Handler" daemon [_thread_blocked, id=2212, stack(0x00000000160e0000,0x00000000161e0000)]
  0x00000000027a0800 JavaThread "main" [_thread_in_vm, id=4956, stack(0x00000000026a0000,0x00000000027a0000)]

Other Threads:
  0x0000000014f38000 VMThread [stack: 0x0000000015fe0000,0x00000000160e0000] [id=7400]
  0x00000000167d9000 WatcherThread [stack: 0x0000000016dc0000,0x0000000016ec0000] [id=2204]

VM state:not at safepoint (normal execution)

VM Mutex/Monitor currently owned by a thread: None

Heap:
 PSYoungGen      total 35328K, used 22803K [0x00000000eab00000, 0x00000000ef000000, 0x0000000100000000)
  eden space 32768K, 61% used [0x00000000eab00000,0x00000000ebeca9c0,0x00000000ecb00000)
  from space 2560K, 99% used [0x00000000ecb00000,0x00000000ecd7a298,0x00000000ecd80000)
  to   space 2560K, 0% used [0x00000000eed80000,0x00000000eed80000,0x00000000ef000000)
 ParOldGen       total 44032K, used 7637K [0x00000000c0000000, 0x00000000c2b00000, 0x00000000eab00000)
  object space 44032K, 17% used [0x00000000c0000000,0x00000000c0775680,0x00000000c2b00000)
 Metaspace       used 6216K, capacity 7090K, committed 7296K, reserved 1056768K
  class space    used 604K, capacity 618K, committed 640K, reserved 1048576K

Card table byte_map: [0x0000000011c60000,0x0000000011e70000] byte_map_base: 0x0000000011660000

Marking Bits: (ParMarkBitMap*) 0x000000006f4e64f0
 Begin Bits: [0x00000000123d0000, 0x00000000133d0000)
 End Bits:   [0x00000000133d0000, 0x00000000143d0000)

Polling page: 0x0000000000f30000

CodeCache: size=245760Kb used=6772Kb max_used=6784Kb free=238987Kb
 bounds [0x00000000028a0000, 0x0000000002f50000, 0x00000000118a0000]
 total_blobs=1833 nmethods=1564 adapters=182
 compilation: enabled

Compilation events (10 events):
Event: 6.900 Thread 0x00000000167c8800 1573       3       com.android.dx.rop.code.CstInsn::contentEquals (31 bytes)
Event: 6.901 Thread 0x00000000167c8800 nmethod 1573 0x0000000002f18850 code [0x0000000002f189e0, 0x0000000002f18e78]
Event: 6.907 Thread 0x0000000014f6a800 nmethod 1572 0x0000000002f2af90 code [0x0000000002f2b100, 0x0000000002f2b6d8]
Event: 6.907 Thread 0x00000000167c8800 1574       3       com.android.dx.rop.code.ThrowingInsn::accept (8 bytes)
Event: 6.907 Thread 0x00000000167c8800 nmethod 1574 0x0000000002f183d0 code [0x0000000002f18540, 0x0000000002f18768]
Event: 6.908 Thread 0x0000000014f6a800 1575 %     4       java.util.BitSet::cardinality @ 4 (32 bytes)
Event: 6.911 Thread 0x0000000014f6a800 nmethod 1575% 0x0000000002f18010 code [0x0000000002f18160, 0x0000000002f182d8]
Event: 6.911 Thread 0x0000000014f6a800 1576       4       com.android.dx.ssa.SsaConverter::needsNewSuccessor (53 bytes)
Event: 6.914 Thread 0x0000000014f6a800 nmethod 1576 0x0000000002f2a8d0 code [0x0000000002f2aa20, 0x0000000002f2ac18]
Event: 6.915 Thread 0x0000000014f6a800 1577       4       com.android.dx.ssa.LocalVariableExtractor::processBlock (383 bytes)

GC Heap History (6 events):
Event: 3.062 GC heap before
{Heap before GC invocations=1 (full 0):
 PSYoungGen      total 18944K, used 16384K [0x00000000eab00000, 0x00000000ec000000, 0x0000000100000000)
  eden space 16384K, 100% used [0x00000000eab00000,0x00000000ebb00000,0x00000000ebb00000)
  from space 2560K, 0% used [0x00000000ebd80000,0x00000000ebd80000,0x00000000ec000000)
  to   space 2560K, 0% used [0x00000000ebb00000,0x00000000ebb00000,0x00000000ebd80000)
 ParOldGen       total 44032K, used 0K [0x00000000c0000000, 0x00000000c2b00000, 0x00000000eab00000)
  object space 44032K, 0% used [0x00000000c0000000,0x00000000c0000000,0x00000000c2b00000)
 Metaspace       used 3634K, capacity 4784K, committed 5120K, reserved 1056768K
  class space    used 398K, capacity 424K, committed 512K, reserved 1048576K
Event: 3.117 GC heap after
Heap after GC invocations=1 (full 0):
 PSYoungGen      total 18944K, used 1157K [0x00000000eab00000, 0x00000000ed000000, 0x0000000100000000)
  eden space 16384K, 0% used [0x00000000eab00000,0x00000000eab00000,0x00000000ebb00000)
  from space 2560K, 45% used [0x00000000ebb00000,0x00000000ebc21618,0x00000000ebd80000)
  to   space 2560K, 0% used [0x00000000ecd80000,0x00000000ecd80000,0x00000000ed000000)
 ParOldGen       total 44032K, used 0K [0x00000000c0000000, 0x00000000c2b00000, 0x00000000eab00000)
  object space 44032K, 0% used [0x00000000c0000000,0x00000000c0000000,0x00000000c2b00000)
 Metaspace       used 3634K, capacity 4784K, committed 5120K, reserved 1056768K
  class space    used 398K, capacity 424K, committed 512K, reserved 1048576K
}
Event: 4.304 GC heap before
{Heap before GC invocations=2 (full 0):
 PSYoungGen      total 18944K, used 17541K [0x00000000eab00000, 0x00000000ed000000, 0x0000000100000000)
  eden space 16384K, 100% used [0x00000000eab00000,0x00000000ebb00000,0x00000000ebb00000)
  from space 2560K, 45% used [0x00000000ebb00000,0x00000000ebc21618,0x00000000ebd80000)
  to   space 2560K, 0% used [0x00000000ecd80000,0x00000000ecd80000,0x00000000ed000000)
 ParOldGen       total 44032K, used 0K [0x00000000c0000000, 0x00000000c2b00000, 0x00000000eab00000)
  object space 44032K, 0% used [0x00000000c0000000,0x00000000c0000000,0x00000000c2b00000)
 Metaspace       used 5921K, capacity 6832K, committed 7040K, reserved 1056768K
  class space    used 602K, capacity 616K, committed 640K, reserved 1048576K
Event: 4.473 GC heap after
Heap after GC invocations=2 (full 0):
 PSYoungGen      total 35328K, used 2538K [0x00000000eab00000, 0x00000000ed000000, 0x0000000100000000)
  eden space 32768K, 0% used [0x00000000eab00000,0x00000000eab00000,0x00000000ecb00000)
  from space 2560K, 99% used [0x00000000ecd80000,0x00000000ecffaa60,0x00000000ed000000)
  to   space 2560K, 0% used [0x00000000ecb00000,0x00000000ecb00000,0x00000000ecd80000)
 ParOldGen       total 44032K, used 2398K [0x00000000c0000000, 0x00000000c2b00000, 0x00000000eab00000)
  object space 44032K, 5% used [0x00000000c0000000,0x00000000c0257828,0x00000000c2b00000)
 Metaspace       used 5921K, capacity 6832K, committed 7040K, reserved 1056768K
  class space    used 602K, capacity 616K, committed 640K, reserved 1048576K
}
Event: 6.014 GC heap before
{Heap before GC invocations=3 (full 0):
 PSYoungGen      total 35328K, used 35306K [0x00000000eab00000, 0x00000000ed000000, 0x0000000100000000)
  eden space 32768K, 100% used [0x00000000eab00000,0x00000000ecb00000,0x00000000ecb00000)
  from space 2560K, 99% used [0x00000000ecd80000,0x00000000ecffaa60,0x00000000ed000000)
  to   space 2560K, 0% used [0x00000000ecb00000,0x00000000ecb00000,0x00000000ecd80000)
 ParOldGen       total 44032K, used 2398K [0x00000000c0000000, 0x00000000c2b00000, 0x00000000eab00000)
  object space 44032K, 5% used [0x00000000c0000000,0x00000000c0257828,0x00000000c2b00000)
 Metaspace       used 6193K, capacity 7090K, committed 7296K, reserved 1056768K
  class space    used 604K, capacity 618K, committed 640K, reserved 1048576K
Event: 6.027 GC heap after
Heap after GC invocations=3 (full 0):
 PSYoungGen      total 35328K, used 2536K [0x00000000eab00000, 0x00000000ef000000, 0x0000000100000000)
  eden space 32768K, 0% used [0x00000000eab00000,0x00000000eab00000,0x00000000ecb00000)
  from space 2560K, 99% used [0x00000000ecb00000,0x00000000ecd7a298,0x00000000ecd80000)
  to   space 2560K, 0% used [0x00000000eed80000,0x00000000eed80000,0x00000000ef000000)
 ParOldGen       total 44032K, used 7637K [0x00000000c0000000, 0x00000000c2b00000, 0x00000000eab00000)
  object space 44032K, 17% used [0x00000000c0000000,0x00000000c0775680,0x00000000c2b00000)
 Metaspace       used 6193K, capacity 7090K, committed 7296K, reserved 1056768K
  class space    used 604K, capacity 618K, committed 640K, reserved 1048576K
}

Deoptimization events (10 events):
Event: 4.285 Thread 0x00000000027a0800 Uncommon trap: reason=class_check action=maybe_recompile pc=0x0000000002c693e0 method=com.android.dx.rop.type.Type.equals(Ljava/lang/Object;)Z @ 8
Event: 4.287 Thread 0x00000000027a0800 Uncommon trap: reason=null_check action=make_not_entrant pc=0x0000000002c693f0 method=com.android.dx.rop.type.Type.equals(Ljava/lang/Object;)Z @ 8
Event: 4.288 Thread 0x00000000027a0800 Uncommon trap: reason=unstable_if action=reinterpret pc=0x0000000002ad2930 method=java.util.BitSet.nextSetBit(I)I @ 87
Event: 4.633 Thread 0x0000000016a50000 Uncommon trap: reason=unstable_if action=reinterpret pc=0x0000000002c97d38 method=com.android.dx.cf.code.Ropper.labelToResultIndex(I)I @ 34
Event: 4.840 Thread 0x00000000027a0800 Uncommon trap: reason=unstable_if action=reinterpret pc=0x0000000002bf2d9c method=com.android.dx.rop.cst.Constant.compareTo(Lcom/android/dx/rop/cst/Constant;)I @ 12
Event: 5.483 Thread 0x0000000016a56800 Uncommon trap: reason=unstable_if action=reinterpret pc=0x0000000002d97960 method=com.android.dx.cf.code.BaseMachine.getLocalTarget(Z)Lcom/android/dx/rop/code/RegisterSpec; @ 131
Event: 5.555 Thread 0x0000000016a56800 Uncommon trap: reason=unstable_if action=reinterpret pc=0x0000000002d70bd0 method=com.android.dx.cf.code.BaseMachine.getLocalTarget(Z)Lcom/android/dx/rop/code/RegisterSpec; @ 131
Event: 5.998 Thread 0x0000000016a56800 Uncommon trap: reason=unstable_if action=reinterpret pc=0x0000000002d65478 method=com.android.dx.ssa.SCCP.simulateStmt(Lcom/android/dx/ssa/SsaInsn;)V @ 59
Event: 6.027 Thread 0x0000000016a57000 Uncommon trap: reason=bimorphic action=maybe_recompile pc=0x0000000002da2e34 method=com.android.dx.rop.code.RegisterSpec.withSimpleType()Lcom/android/dx/rop/code/RegisterSpec; @ 21
Event: 6.089 Thread 0x00000000027a0800 Uncommon trap: reason=unstable_if action=reinterpret pc=0x0000000002da2928 method=com.android.dx.ssa.LocalVariableExtractor.processBlock(I)V @ 251

Internal exceptions (3 events):
Event: 0.275 Thread 0x00000000027a0800 Exception <a 'java/lang/NoSuchMethodError': Method sun.misc.Unsafe.defineClass(Ljava/lang/String;[BII)Ljava/lang/Class; name or signature does not match> (0x00000000eab07cc0) thrown at [D:\re\workspace\8-2-build-windows-amd64-cygwin\jdk8u92\6642\hotspot\sr'9ÿ†-”Ñ?
Event: 0.275 Thread 0x00000000027a0800 Exception <a 'java/lang/NoSuchMethodError': Method sun.misc.Unsafe.prefetchRead(Ljava/lang/Object;J)V name or signature does not match> (0x00000000eab07fa8) thrown at [D:\re\workspace\8-2-build-windows-amd64-cygwin\jdk8u92\6642\hotspot\src\share\vm\prims\jž2*kŽ%@
Event: 4.287 Thread 0x00000000027a0800 Implicit null exception at 0x0000000002c692e2 to 0x0000000002c693e1

Events (10 events):
Event: 6.014 Executing VM operation: ParallelGCFailedAllocation
Event: 6.027 Executing VM operation: ParallelGCFailedAllocation done
Event: 6.027 Thread 0x0000000016a57000 Uncommon trap: trap_request=0xffffffc6 fr.pc=0x0000000002da2e34
Event: 6.027 Thread 0x0000000016a57000 DEOPT PACKING pc=0x0000000002da2e34 sp=0x00000000172bebe0
Event: 6.027 Thread 0x0000000016a57000 DEOPT UNPACKING pc=0x00000000028e582a sp=0x00000000172beb58 mode 2
Event: 6.089 Thread 0x00000000027a0800 Uncommon trap: trap_request=0xffffff65 fr.pc=0x0000000002da2928
Event: 6.089 Thread 0x00000000027a0800 DEOPT PACKING pc=0x0000000002da2928 sp=0x000000000279e380
Event: 6.089 Thread 0x00000000027a0800 DEOPT UNPACKING pc=0x00000000028e582a sp=0x000000000279e360 mode 2
Event: 6.914 Thread 0x00000000027a0800 DEOPT PACKING pc=0x0000000002c05f44 sp=0x000000000279e2f0
Event: 6.914 Thread 0x00000000027a0800 DEOPT UNPACKING pc=0x00000000028e787f sp=0x000000000279e008 mode 0


Dynamic libraries:
0x00007ff6457e0000 - 0x00007ff645817000 	C:\Program Files\Java\jdk1.8.0_92\bin\java.exe
0x00007ffb0c910000 - 0x00007ffb0cad2000 	C:\Windows\SYSTEM32\ntdll.dll
0x00007ffb0c860000 - 0x00007ffb0c90d000 	C:\Windows\system32\KERNEL32.DLL
0x00007ffb09df0000 - 0x00007ffb09fcd000 	C:\Windows\system32\KERNELBASE.dll
0x00007ffb0c230000 - 0x00007ffb0c2d6000 	C:\Windows\system32\ADVAPI32.dll
0x00007ffb0c3d0000 - 0x00007ffb0c46d000 	C:\Windows\system32\msvcrt.dll
0x00007ffb0a1c0000 - 0x00007ffb0a21b000 	C:\Windows\system32\sechost.dll
0x00007ffb0a220000 - 0x00007ffb0a346000 	C:\Windows\system32\RPCRT4.dll
0x00007ffb0c470000 - 0x00007ffb0c5be000 	C:\Windows\system32\USER32.dll
0x00007ffb0c6d0000 - 0x00007ffb0c855000 	C:\Windows\system32\GDI32.dll
0x00007ffafdfd0000 - 0x00007ffafe244000 	C:\Windows\WinSxS\amd64_microsoft.windows.common-controls_6595b64144ccf1df_6.0.10240.17113_none_f41e180257520c58\COMCTL32.dll
0x00007ffb09fd0000 - 0x00007ffb0a006000 	C:\Windows\system32\IMM32.DLL
0x00007ffb0c0d0000 - 0x00007ffb0c22c000 	C:\Windows\system32\MSCTF.dll
0x000000006f570000 - 0x000000006f642000 	C:\Program Files\Java\jdk1.8.0_92\jre\bin\msvcr100.dll
0x000000006ecd0000 - 0x000000006f566000 	C:\Program Files\Java\jdk1.8.0_92\jre\bin\server\jvm.dll
0x00007ffb0bb00000 - 0x00007ffb0bb08000 	C:\Windows\system32\PSAPI.DLL
0x00007ffaf5a10000 - 0x00007ffaf5a19000 	C:\Windows\SYSTEM32\WSOCK32.dll
0x00007ffb0a020000 - 0x00007ffb0a089000 	C:\Windows\system32\WS2_32.dll
0x00007ffb0a010000 - 0x00007ffb0a018000 	C:\Windows\system32\NSI.dll
0x00007ffb06730000 - 0x00007ffb06753000 	C:\Windows\SYSTEM32\WINMM.dll
0x00007ffb06000000 - 0x00007ffb0600a000 	C:\Windows\SYSTEM32\VERSION.dll
0x00007ffb066f0000 - 0x00007ffb0671c000 	C:\Windows\SYSTEM32\WINMMBASE.dll
0x00007ffb09480000 - 0x00007ffb094c4000 	C:\Windows\system32\cfgmgr32.dll
0x00007ffb07ca0000 - 0x00007ffb07cc7000 	C:\Windows\SYSTEM32\DEVOBJ.dll
0x000000006ecc0000 - 0x000000006eccf000 	C:\Program Files\Java\jdk1.8.0_92\jre\bin\verify.dll
0x000000006ec90000 - 0x000000006ecb9000 	C:\Program Files\Java\jdk1.8.0_92\jre\bin\java.dll
0x000000006ec70000 - 0x000000006ec86000 	C:\Program Files\Java\jdk1.8.0_92\jre\bin\zip.dll
0x00007ffb0a5d0000 - 0x00007ffb0baf3000 	C:\Windows\system32\SHELL32.dll
0x00007ffb097c0000 - 0x00007ffb09de9000 	C:\Windows\system32\windows.storage.dll
0x00007ffb0a350000 - 0x00007ffb0a5cc000 	C:\Windows\system32\combase.dll
0x00007ffb0c5c0000 - 0x00007ffb0c611000 	C:\Windows\system32\shlwapi.dll
0x00007ffb093c0000 - 0x00007ffb093cf000 	C:\Windows\system32\kernel.appcore.dll
0x00007ffb09700000 - 0x00007ffb097b3000 	C:\Windows\system32\shcore.dll
0x00007ffb09330000 - 0x00007ffb0937a000 	C:\Windows\system32\powrprof.dll
0x00007ffb093a0000 - 0x00007ffb093b3000 	C:\Windows\system32\profapi.dll

VM Arguments:
jvm_args: -Djava.awt.headless=true -Xmx1024M -Dfile.encoding=windows-1252 -Duser.country=US -Duser.language=en -Duser.variant 
java_command: com.android.dx.command.Main --dex --force-jumbo --num-threads=4 --output F:\shekhar\Android App\last time\ListTest\app\build\intermediates\pre-dexed\debug\com.android.support-support-v4-24.0.0_f1c99e867fbae12f25bd035b4393b324e26f96a5.jar F:\shekhar\Android App\last time\ListTest\app\build\intermediates\exploded-aar\com.android.support\support-v4\24.0.0\jars\classes.jar
java_class_path (initial): C:\Users\Chari\AppData\Local\Android\sdk\build-tools\24.0.1\lib\dx.jar
Launcher Type: SUN_STANDARD

Environment Variables:
PATH=C:\ProgramData\Oracle\Java\javapath;C:\Windows\system32;C:\Windows;C:\Windows\System32\Wbem;C:\Windows\System32\WindowsPowerShell\v1.0\;C:\Program Files (x86)\ATI Technologies\ATI.ACE\Core-Static\;C:\Program Files\Java\jdk1.7.0_79\bin;C:\Program Files\Java\jdk1.7.0_79\bin;C:\Program Files (x86)\ATI Technologies\ATI.ACE\Core-Static;C:\Program Files\Java\jdk1.8.0_92\bin;C:\Program Files\Java\jre1.8.0_92\bin;C:\apache-ant-1.9.3\bin;C:\Program Files\Git\cmd
USERNAME=Chari
OS=Windows_NT
PROCESSOR_IDENTIFIER=Intel64 Family 6 Model 58 Stepping 9, GenuineIntel



---------------  S Y S T E M  ---------------

OS: Windows 10.0 , 64 bit Build 10240 (10.0.10240.17113)

CPU:total 4 (2 cores per cpu, 2 threads per core) family 6 model 58 stepping 9, cmov, cx8, fxsr, mmx, sse, sse2, sse3, ssse3, sse4.1, sse4.2, popcnt, avx, clmul, erms, ht, tsc, tscinvbit, tscinv

Memory: 4k page, physical 4158588k(419816k free), swap 6970896k(5176k free)

vm_info: Java HotSpot(TM) 64-Bit Server VM (25.92-b14) for windows-amd64 JRE (1.8.0_92-b14), built on Mar 31 2016 21:03:04 by "java_re" with MS VC++ 10.0 (VS2010)

time: Mon Sep 26 03:09:01 2016
elapsed time: 6 seconds (0d 0h 0m 6s)

